2026-03-02 09:45:05 | INFO     | wedding_bot | Запуск свадебного бота...
2026-03-02 09:45:05 | INFO     | wedding_bot | Бот запущен. Нажмите Ctrl+C, чтобы остановить.
2026-03-02 09:45:23 | INFO     | wedding_bot | Пользователь C4be74 (ID: 1163267317) запустил бота.
2026-03-02 09:45:23 | ERROR    | wedding_bot | Ошибка при обращении к DB_SERVICE_URL
Traceback (most recent call last):
  File "/app/src/routers/member.py", line 36, in cmd_start
    resp = await client.get("/members/tg_username", params={"tg_username": username})
           ^^^^^^^^^^^^^^^^^^^^^^^^^^^^^^^^^^^^^^^^^^^^^^^^^^^^^^^^^^^^^^^^^^^^^^^^^^
  File "/app/src/utils/external_services_client.py", line 103, in get
    return await self.request("GET", url, **kwargs)
           ^^^^^^^^^^^^^^^^^^^^^^^^^^^^^^^^^^^^^^^^
  File "/app/src/utils/external_services_client.py", line 85, in request
    resp.raise_for_status()
  File "/usr/local/lib/python3.11/site-packages/httpx/_models.py", line 829, in raise_for_status
    raise HTTPStatusError(message, request=request, response=self)
httpx.HTTPStatusError: Server error '500 Internal Server Error' for url 'http://wedding-db-service:8000/members/tg_username?tg_username=%40C4be74'
For more information check: https://developer.mozilla.org/en-US/docs/Web/HTTP/Status/500
2026-03-02 09:46:17 | INFO     | wedding_bot | Пользователь C4be74 (ID: 1163267317) запустил бота.
2026-03-02 09:46:56 | INFO     | wedding_bot | Пользователь C4be74 (ID: 1163267317) запустил бота.
2026-03-02 09:49:18 | INFO     | wedding_bot | Бот остановлен.
2026-03-02 09:49:20 | INFO     | wedding_bot | Запуск свадебного бота...
2026-03-02 09:49:20 | INFO     | wedding_bot | Бот запущен. Нажмите Ctrl+C, чтобы остановить.
2026-03-02 09:49:22 | INFO     | wedding_bot | Пользователь C4be74 (ID: 1163267317) запустил бота.
2026-03-02 09:49:22 | INFO     | wedding_bot | Подготовлен ответ: Привет, Гимазетдинов Дима, вижу тебя в списках участников.
2026-03-02 09:50:14 | INFO     | wedding_bot | Пользователь Sirena229 (ID: 1949765943) запустил бота.
2026-03-02 09:50:14 | INFO     | wedding_bot | Подготовлен ответ: Привет, Кирилл, не вижу тебя в списках пользователей. Хочешь зарегистрироваться на мероприятие?
2026-03-02 09:53:38 | INFO     | wedding_bot | Пользователь Sirena229 (ID: 1949765943) запустил бота.
2026-03-02 09:53:38 | INFO     | wedding_bot | Подготовлен ответ: Привет, Кирилл Скинхед, вижу твою анкету. Хотите передумать и прийти на мероприятие?
2026-03-02 09:54:13 | INFO     | wedding_bot | Пользователь Sirena230 (ID: 1949765943) запустил бота.
2026-03-02 09:54:13 | INFO     | wedding_bot | Подготовлен ответ: Привет, Кирилл, не вижу тебя в списках пользователей. Хочешь зарегистрироваться на мероприятие?
2026-03-02 09:54:31 | INFO     | wedding_bot | Пользователь None (ID: 1949765943) запустил бота.
2026-03-02 09:54:36 | INFO     | wedding_bot | Пользователь None (ID: 1949765943) запустил бота.
2026-03-02 10:07:38 | INFO     | wedding_bot | Пользователь Sirena229 (ID: 1949765943) запустил бота.
2026-03-02 10:07:38 | INFO     | wedding_bot | Подготовлен ответ: Привет, Кирилл Скинхед, вижу твою анкету. Хотите передумать и прийти на мероприятие?
2026-03-02 11:26:31 | INFO     | wedding_bot | Бот остановлен.
2026-03-02 11:26:33 | INFO     | wedding_bot | Запуск свадебного бота...
2026-03-02 11:26:33 | INFO     | wedding_bot | Бот запущен. Нажмите Ctrl+C, чтобы остановить.
2026-03-02 11:26:47 | INFO     | wedding_bot | Пользователь C4be74 (ID: 1163267317) запустил бота.
2026-03-02 11:26:48 | INFO     | wedding_bot | Подготовлен ответ: Привет, Гимазетдинов Дима, вижу тебя в списках участников.
2026-03-02 11:27:32 | INFO     | wedding_bot | Пользователь Sirena229 (ID: 1949765943) запустил бота.
2026-03-02 11:27:32 | INFO     | wedding_bot | Подготовлен ответ: Привет, Кирилл Скинхед, вижу твою анкету. Хотите передумать и прийти на мероприятие?
2026-03-02 11:28:12 | INFO     | wedding_bot | Пользователь Sirena229 (ID: 1949765943) запустил бота.
2026-03-02 11:29:24 | INFO     | wedding_bot | Регистрация @Sirena229 прошла успешно, статус 201
2026-03-02 11:31:01 | INFO     | wedding_bot | Пользователь Sirena229 (ID: 1949765943) запустил бота.
2026-03-02 11:31:01 | INFO     | wedding_bot | Подготовлен ответ: Привет, Афиф Насер, вижу твою анкету. Хотите передумать и прийти на мероприятие?
2026-03-02 11:31:26 | INFO     | wedding_bot | Пользователь Sirena229 (ID: 1949765943) запустил бота.
2026-03-02 11:32:47 | ERROR    | wedding_bot | HTTP ошибка при регистрации @Sirena229: 422
2026-03-02 11:37:07 | INFO     | wedding_bot | Бот остановлен.
2026-03-02 11:51:57 | INFO     | wedding_bot | Запуск свадебного бота...
2026-03-02 11:51:57 | INFO     | wedding_bot | Бот запущен. Нажмите Ctrl+C, чтобы остановить.
2026-03-02 11:52:31 | INFO     | wedding_bot | Пользователь C4be74 (ID: 1163267317) запустил бота.
2026-03-02 11:53:51 | INFO     | wedding_bot | Пользователь C4be74 (ID: 1163267317) запустил бота.
2026-03-02 11:55:22 | INFO     | wedding_bot | Бот остановлен.
2026-03-02 11:55:23 | INFO     | wedding_bot | Запуск свадебного бота...
2026-03-02 11:55:23 | INFO     | wedding_bot | Бот запущен. Нажмите Ctrl+C, чтобы остановить.
2026-03-02 11:55:35 | INFO     | wedding_bot | Пользователь C4be74 (ID: 1163267317) запустил бота.
2026-03-02 11:56:17 | ERROR    | wedding_bot | HTTP ошибка при регистрации @C4be74: 307
2026-03-02 11:59:08 | INFO     | wedding_bot | Пользователь C4be74 (ID: 1163267317) запустил бота.
2026-03-02 11:59:41 | ERROR    | wedding_bot | HTTP ошибка при регистрации @C4be74: 307
2026-03-02 12:04:14 | INFO     | wedding_bot | Бот остановлен.
2026-03-02 12:04:15 | INFO     | wedding_bot | Запуск свадебного бота...
2026-03-02 12:04:15 | INFO     | wedding_bot | Бот запущен. Нажмите Ctrl+C, чтобы остановить.
2026-03-02 12:04:24 | INFO     | wedding_bot | Пользователь C4be74 (ID: 1163267317) запустил бота.
2026-03-02 12:04:54 | INFO     | wedding_bot | Регистрация @C4be74 прошла успешно, статус 201
2026-03-02 12:05:13 | INFO     | wedding_bot | Пользователь C4be74 (ID: 1163267317) запустил бота.
2026-03-02 12:05:36 | INFO     | wedding_bot | Регистрация @C4be74 прошла успешно, статус 201
2026-03-02 12:05:51 | INFO     | wedding_bot | Пользователь C4be74 (ID: 1163267317) запустил бота.
2026-03-02 12:05:51 | INFO     | wedding_bot | Подготовлен ответ: Привет, Гимазетдинов Дима, вижу твою анкету. Хотите передумать и прийти на мероприятие?
2026-03-02 12:06:17 | INFO     | wedding_bot | Пользователь C4be74 (ID: 1163267317) запустил бота.
2026-03-02 12:07:58 | ERROR    | wedding_bot | HTTP ошибка при регистрации @C4be74: 422
2026-03-02 12:21:49 | INFO     | wedding_bot | Пользователь C4be74 (ID: 1163267317) запустил бота.
2026-03-02 12:23:23 | ERROR    | wedding_bot | HTTP ошибка при регистрации @C4be74: 500
2026-03-02 12:36:02 | INFO     | wedding_bot | Пользователь Sirena229 (ID: 1949765943) запустил бота.
2026-03-02 12:36:40 | INFO     | wedding_bot | Регистрация @Sirena229 прошла успешно, статус 201
2026-03-02 12:36:59 | INFO     | wedding_bot | Пользователь Sirena229 (ID: 1949765943) запустил бота.
2026-03-02 12:36:59 | INFO     | wedding_bot | Подготовлен ответ: Привет, Афиф Кирюшка, вижу твою анкету. Хотите передумать и прийти на мероприятие?
2026-03-02 12:38:03 | INFO     | wedding_bot | Пользователь Sirena229 (ID: 1949765943) запустил бота.
2026-03-02 12:38:03 | INFO     | wedding_bot | Подготовлен ответ: Привет, Афиф Кирюшка, вижу твою анкету. Хотите передумать и прийти на мероприятие?
2026-03-02 12:38:19 | INFO     | wedding_bot | Пользователь Sirena230 (ID: 1949765943) запустил бота.
2026-03-02 12:39:11 | ERROR    | wedding_bot | HTTP ошибка при регистрации @Sirena230: 500
2026-03-02 12:40:56 | INFO     | wedding_bot | Пользователь Sirena230 (ID: 1949765943) запустил бота.
2026-03-02 12:40:56 | INFO     | wedding_bot | Подготовлен ответ: Привет, Коршунов Кирилл, вижу тебя в списках участников.
2026-03-02 12:41:10 | INFO     | wedding_bot | Пользователь Sirena231 (ID: 1949765943) запустил бота.
2026-03-02 12:41:43 | INFO     | wedding_bot | Регистрация @Sirena231 прошла успешно, статус 201
2026-03-02 12:42:09 | INFO     | wedding_bot | Пользователь Sirena229 (ID: 1949765943) запустил бота.
2026-03-02 12:43:36 | ERROR    | wedding_bot | HTTP ошибка при регистрации @Sirena229: 500
2026-03-02 12:46:06 | INFO     | wedding_bot | Пользователь Sirena230 (ID: 1949765943) запустил бота.
2026-03-02 13:27:24 | INFO     | wedding_bot | Пользователь Sirena230 (ID: 1949765943) запустил бота.
2026-03-02 13:28:28 | INFO     | wedding_bot | Регистрация @Sirena230 прошла успешно, статус 201
2026-03-02 13:48:52 | INFO     | wedding_bot | Бот остановлен.
2026-03-02 13:48:54 | INFO     | wedding_bot | Запуск свадебного бота...
2026-03-02 13:48:54 | INFO     | wedding_bot | Бот запущен. Нажмите Ctrl+C, чтобы остановить.
2026-03-02 13:51:08 | INFO     | wedding_bot | Бот остановлен.
2026-03-02 13:51:10 | INFO     | wedding_bot | Запуск свадебного бота...
2026-03-02 13:51:10 | INFO     | wedding_bot | Бот запущен. Нажмите Ctrl+C, чтобы остановить.
2026-03-02 13:52:42 | INFO     | wedding_bot | Бот остановлен.
2026-03-02 13:52:44 | INFO     | wedding_bot | Запуск свадебного бота...
2026-03-02 13:52:44 | INFO     | wedding_bot | Бот запущен. Нажмите Ctrl+C, чтобы остановить.
2026-03-02 14:04:17 | INFO     | wedding_bot | Бот остановлен.
2026-03-02 14:04:19 | INFO     | wedding_bot | Запуск свадебного бота...
2026-03-02 14:04:19 | INFO     | wedding_bot | Бот запущен. Нажмите Ctrl+C, чтобы остановить.
2026-03-02 14:04:36 | ERROR    | wedding_bot | HTTP ошибка (GET /members/stats/count) = 500
2026-03-02 14:08:08 | INFO     | wedding_bot | Бот остановлен.
2026-03-02 14:08:09 | INFO     | wedding_bot | Запуск свадебного бота...
2026-03-02 14:08:09 | INFO     | wedding_bot | Бот запущен. Нажмите Ctrl+C, чтобы остановить.
2026-03-02 14:18:34 | INFO     | wedding_bot | Бот остановлен.
2026-03-02 14:18:35 | INFO     | wedding_bot | Запуск свадебного бота...
2026-03-02 14:18:35 | INFO     | wedding_bot | Бот запущен. Нажмите Ctrl+C, чтобы остановить.
2026-03-02 14:27:43 | INFO     | wedding_bot | Бот остановлен.
2026-03-02 14:29:21 | INFO     | wedding_bot | Запуск свадебного бота...
2026-03-02 14:29:21 | INFO     | wedding_bot | Бот запущен. Нажмите Ctrl+C, чтобы остановить.
2026-03-02 14:33:23 | INFO     | wedding_bot | Бот остановлен.
2026-03-02 14:33:24 | INFO     | wedding_bot | Запуск свадебного бота...
2026-03-02 14:33:25 | INFO     | wedding_bot | Бот запущен. Нажмите Ctrl+C, чтобы остановить.
2026-03-02 14:33:52 | WARNING  | wedding_bot | Не удалось отправить пользователю @Sirena231: Telegram server says - Bad Request: chat not found
2026-03-02 14:33:53 | WARNING  | wedding_bot | Не удалось отправить пользователю @Sirena230: Telegram server says - Bad Request: chat not found
2026-03-02 14:33:53 | WARNING  | wedding_bot | Не удалось отправить пользователю @gif: Telegram server says - Bad Request: chat not found
2026-03-02 14:33:53 | WARNING  | wedding_bot | Не удалось отправить пользователю @natasya: Telegram server says - Bad Request: chat not found
2026-03-02 14:33:54 | WARNING  | wedding_bot | Не удалось отправить пользователю @Sirena229: Telegram server says - Bad Request: chat not found
2026-03-02 14:33:54 | WARNING  | wedding_bot | Не удалось отправить пользователю @ivan_za: Telegram server says - Bad Request: chat not found
2026-03-02 14:36:19 | INFO     | wedding_bot | Пользователь Sirena229 (ID: 1949765943) запустил бота.
2026-03-02 14:36:19 | INFO     | wedding_bot | Подготовлен ответ: Привет, Коршунов Кир, вижу тебя в списках участников.
2026-03-02 14:36:41 | WARNING  | wedding_bot | Не удалось отправить пользователю @Sirena231: Telegram server says - Bad Request: chat not found
2026-03-02 14:36:42 | WARNING  | wedding_bot | Не удалось отправить пользователю @ivan_za: Telegram server says - Bad Request: chat not found
2026-03-02 14:36:42 | WARNING  | wedding_bot | Не удалось отправить пользователю @gif: Telegram server says - Bad Request: chat not found
2026-03-02 14:36:42 | WARNING  | wedding_bot | Не удалось отправить пользователю @natasya: Telegram server says - Bad Request: chat not found
2026-03-02 14:36:42 | WARNING  | wedding_bot | Не удалось отправить пользователю @Sirena229: Telegram server says - Bad Request: chat not found
2026-03-02 14:36:43 | WARNING  | wedding_bot | Не удалось отправить пользователю @Sirena230: Telegram server says - Bad Request: chat not found
2026-03-02 14:59:40 | INFO     | wedding_bot | Бот остановлен.
2026-03-07 07:12:46 | INFO     | wedding_bot | Запуск свадебного бота...
2026-03-07 07:12:46 | INFO     | wedding_bot | Бот запущен. Нажмите Ctrl+C, чтобы остановить.
2026-03-07 07:13:34 | INFO     | wedding_bot | Пользователь C4be74 (ID: 1163267317) запустил бота.
2026-03-07 07:13:34 | ERROR    | wedding_bot | Ошибка при обращении к DB_SERVICE_URL
Traceback (most recent call last):
  File "/app/src/routers/member_start.py", line 26, in cmd_start
    resp = await client.get(f"/members/by-telegram-id/{user_id}")
           ^^^^^^^^^^^^^^^^^^^^^^^^^^^^^^^^^^^^^^^^^^^^^^^^^^^^^^
  File "/app/src/utils/external_services_client.py", line 109, in get
    return await self.request("GET", url, **kwargs)
           ^^^^^^^^^^^^^^^^^^^^^^^^^^^^^^^^^^^^^^^^
  File "/app/src/utils/external_services_client.py", line 91, in request
    resp.raise_for_status()
  File "/usr/local/lib/python3.11/site-packages/httpx/_models.py", line 829, in raise_for_status
    raise HTTPStatusError(message, request=request, response=self)
httpx.HTTPStatusError: Server error '500 Internal Server Error' for url 'http://wedding-db-service:8000/members/by-telegram-id/1163267317'
For more information check: https://developer.mozilla.org/en-US/docs/Web/HTTP/Status/500
2026-03-07 07:15:47 | INFO     | wedding_bot | Пользователь C4be74 (ID: 1163267317) запустил бота.
2026-03-07 07:16:19 | INFO     | wedding_bot | Обновлены telegram_id и chat_id для участника 1
2026-03-07 07:16:19 | INFO     | wedding_bot | Регистрация @C4be74 прошла успешно, статус 201
2026-03-07 07:16:44 | INFO     | wedding_bot | Пользователь Misa_2005 (ID: 1149770405) запустил бота.
2026-03-07 07:17:10 | INFO     | wedding_bot | Обновлены telegram_id и chat_id для участника 2
2026-03-07 07:17:10 | INFO     | wedding_bot | Регистрация @Misa_2005 прошла успешно, статус 201
2026-03-07 07:59:58 | INFO     | wedding_bot | Бот остановлен.
2026-03-07 11:19:09 | INFO     | wedding_bot | Запуск свадебного бота...
2026-03-07 11:19:09 | INFO     | wedding_bot | Бот запущен. Нажмите Ctrl+C, чтобы остановить.
2026-03-07 13:01:01 | INFO     | wedding_bot | Бот остановлен.
2026-03-07 13:01:02 | INFO     | wedding_bot | Запуск свадебного бота...
2026-03-07 13:01:02 | INFO     | wedding_bot | Веб-сервер запущен на порту 5555
2026-03-07 13:01:02 | INFO     | wedding_bot | Бот запущен. Нажмите Ctrl+C, чтобы остановить.
2026-03-07 13:08:19 | INFO     | wedding_bot | Бот остановлен.
2026-03-07 13:08:20 | INFO     | wedding_bot | Запуск свадебного бота...
2026-03-07 13:08:20 | INFO     | wedding_bot | Веб-сервер запущен на порту 5555
2026-03-07 13:08:20 | INFO     | wedding_bot | Бот запущен. Нажмите Ctrl+C, чтобы остановить.
2026-03-07 13:14:04 | INFO     | wedding_bot | Бот остановлен.
2026-03-07 13:14:06 | INFO     | wedding_bot | Запуск свадебного бота...
2026-03-07 13:14:06 | INFO     | wedding_bot | Веб-сервер запущен на порту 5555
2026-03-07 13:14:06 | INFO     | wedding_bot | Бот запущен. Нажмите Ctrl+C, чтобы остановить.
2026-03-07 13:35:56 | INFO     | wedding_bot | Пользователь C4be74 (ID: 1163267317) запустил бота.
2026-03-07 13:35:57 | INFO     | wedding_bot | Подготовлен ответ: Привет, Гимазетдинов Дима, вижу тебя в списках участников.
2026-03-07 13:37:51 | INFO     | wedding_bot | Пользователь Misa_2005 (ID: 1149770405) запустил бота.
2026-03-07 13:37:51 | INFO     | wedding_bot | Подготовлен ответ: Привет, Заиченко Наталья, вижу тебя в списках участников.
2026-03-07 13:39:52 | WARNING  | wedding_bot | Нет chat_id у участника id=5 (fff fff), пропускаем
2026-03-07 13:39:52 | WARNING  | wedding_bot | Нет chat_id у участника id=8 (qqq qqq), пропускаем
2026-03-07 13:39:52 | WARNING  | wedding_bot | Нет chat_id у участника id=9 (aaa sss), пропускаем
2026-03-07 13:39:52 | WARNING  | wedding_bot | Нет chat_id у участника id=10 (tttt vfvfvfvfv), пропускаем
2026-03-07 13:39:52 | WARNING  | wedding_bot | Нет chat_id у участника id=11 (wffeefwef scacasvaasda), пропускаем
2026-03-07 13:39:52 | WARNING  | wedding_bot | Нет chat_id у участника id=12 (sdfasdfccwce fxwefwexwe), пропускаем
2026-03-07 13:39:52 | WARNING  | wedding_bot | Нет chat_id у участника id=13 (sdfasd xsdxewefwef), пропускаем
2026-03-07 13:39:52 | WARNING  | wedding_bot | Нет chat_id у участника id=14 (dfsdfsdfsdf sdfsdfsdfsdf), пропускаем
2026-03-07 14:09:32 | INFO     | wedding_bot | Бот остановлен.
2026-03-10 17:18:14 | INFO     | wedding_bot | Запуск свадебного бота...
2026-03-10 17:18:14 | INFO     | wedding_bot | Веб-сервер запущен на порту 5555
2026-03-10 17:18:14 | INFO     | wedding_bot | Бот запущен. Нажмите Ctrl+C, чтобы остановить.
2026-03-10 17:18:15 | INFO     | wedding_bot | Пользователь Sirena229 (ID: 1949765943) запустил бота.
2026-03-10 17:18:15 | ERROR    | wedding_bot | Ошибка сетевого взаимодействия с сервисом пользователей
Traceback (most recent call last):
  File "/usr/local/lib/python3.11/site-packages/httpx/_transports/default.py", line 101, in map_httpcore_exceptions
    yield
  File "/usr/local/lib/python3.11/site-packages/httpx/_transports/default.py", line 394, in handle_async_request
    resp = await self._pool.handle_async_request(req)
           ^^^^^^^^^^^^^^^^^^^^^^^^^^^^^^^^^^^^^^^^^^
  File "/usr/local/lib/python3.11/site-packages/httpcore/_async/connection_pool.py", line 256, in handle_async_request
    raise exc from None
  File "/usr/local/lib/python3.11/site-packages/httpcore/_async/connection_pool.py", line 236, in handle_async_request
    response = await connection.handle_async_request(
               ^^^^^^^^^^^^^^^^^^^^^^^^^^^^^^^^^^^^^^
  File "/usr/local/lib/python3.11/site-packages/httpcore/_async/connection.py", line 101, in handle_async_request
    raise exc
  File "/usr/local/lib/python3.11/site-packages/httpcore/_async/connection.py", line 78, in handle_async_request
    stream = await self._connect(request)
             ^^^^^^^^^^^^^^^^^^^^^^^^^^^^
  File "/usr/local/lib/python3.11/site-packages/httpcore/_async/connection.py", line 124, in _connect
    stream = await self._network_backend.connect_tcp(**kwargs)
             ^^^^^^^^^^^^^^^^^^^^^^^^^^^^^^^^^^^^^^^^^^^^^^^^^
  File "/usr/local/lib/python3.11/site-packages/httpcore/_backends/auto.py", line 31, in connect_tcp
    return await self._backend.connect_tcp(
           ^^^^^^^^^^^^^^^^^^^^^^^^^^^^^^^^
  File "/usr/local/lib/python3.11/site-packages/httpcore/_backends/anyio.py", line 113, in connect_tcp
    with map_exceptions(exc_map):
  File "/usr/local/lib/python3.11/contextlib.py", line 158, in __exit__
    self.gen.throw(typ, value, traceback)
  File "/usr/local/lib/python3.11/site-packages/httpcore/_exceptions.py", line 14, in map_exceptions
    raise to_exc(exc) from exc
httpcore.ConnectError: [Errno -2] Name or service not known

The above exception was the direct cause of the following exception:

Traceback (most recent call last):
  File "/app/src/routers/member_start.py", line 26, in cmd_start
    resp = await client.get(f"/members/by-telegram-id/{user_id}")
           ^^^^^^^^^^^^^^^^^^^^^^^^^^^^^^^^^^^^^^^^^^^^^^^^^^^^^^
  File "/app/src/utils/external_services_client.py", line 109, in get
    return await self.request("GET", url, **kwargs)
           ^^^^^^^^^^^^^^^^^^^^^^^^^^^^^^^^^^^^^^^^
  File "/app/src/utils/external_services_client.py", line 105, in request
    raise last_exc or RuntimeError("Unknown httpx error")
  File "/app/src/utils/external_services_client.py", line 81, in request
    resp = await self._client.request(
           ^^^^^^^^^^^^^^^^^^^^^^^^^^^
  File "/usr/local/lib/python3.11/site-packages/httpx/_client.py", line 1540, in request
    return await self.send(request, auth=auth, follow_redirects=follow_redirects)
           ^^^^^^^^^^^^^^^^^^^^^^^^^^^^^^^^^^^^^^^^^^^^^^^^^^^^^^^^^^^^^^^^^^^^^^
  File "/usr/local/lib/python3.11/site-packages/httpx/_client.py", line 1629, in send
    response = await self._send_handling_auth(
               ^^^^^^^^^^^^^^^^^^^^^^^^^^^^^^^
  File "/usr/local/lib/python3.11/site-packages/httpx/_client.py", line 1657, in _send_handling_auth
    response = await self._send_handling_redirects(
               ^^^^^^^^^^^^^^^^^^^^^^^^^^^^^^^^^^^^
  File "/usr/local/lib/python3.11/site-packages/httpx/_client.py", line 1694, in _send_handling_redirects
    response = await self._send_single_request(request)
               ^^^^^^^^^^^^^^^^^^^^^^^^^^^^^^^^^^^^^^^^
  File "/usr/local/lib/python3.11/site-packages/httpx/_client.py", line 1730, in _send_single_request
    response = await transport.handle_async_request(request)
               ^^^^^^^^^^^^^^^^^^^^^^^^^^^^^^^^^^^^^^^^^^^^^
  File "/usr/local/lib/python3.11/site-packages/httpx/_transports/default.py", line 393, in handle_async_request
    with map_httpcore_exceptions():
  File "/usr/local/lib/python3.11/contextlib.py", line 158, in __exit__
    self.gen.throw(typ, value, traceback)
  File "/usr/local/lib/python3.11/site-packages/httpx/_transports/default.py", line 118, in map_httpcore_exceptions
    raise mapped_exc(message) from exc
httpx.ConnectError: [Errno -2] Name or service not known
2026-03-10 17:29:09 | INFO     | wedding_bot | Бот остановлен.
2026-03-10 17:29:10 | INFO     | wedding_bot | Запуск свадебного бота...
2026-03-10 17:29:10 | INFO     | wedding_bot | Веб-сервер запущен на порту 5555
2026-03-10 17:29:10 | INFO     | wedding_bot | Бот запущен. Нажмите Ctrl+C, чтобы остановить.
2026-03-10 17:31:09 | ERROR    | wedding_bot | HTTP ошибка при отправке пожелания @C4be74: 400
2026-03-10 17:31:54 | WARNING  | wedding_bot | Нет chat_id у участника id=5 (fff fff), пропускаем
2026-03-10 17:31:54 | WARNING  | wedding_bot | Нет chat_id у участника id=8 (qqq qqq), пропускаем
2026-03-10 17:31:54 | WARNING  | wedding_bot | Нет chat_id у участника id=9 (aaa sss), пропускаем
2026-03-10 17:31:54 | WARNING  | wedding_bot | Нет chat_id у участника id=10 (tttt vfvfvfvfv), пропускаем
2026-03-10 17:31:54 | WARNING  | wedding_bot | Нет chat_id у участника id=11 (wffeefwef scacasvaasda), пропускаем
2026-03-10 17:31:54 | WARNING  | wedding_bot | Нет chat_id у участника id=12 (sdfasdfccwce fxwefwexwe), пропускаем
2026-03-10 17:31:54 | WARNING  | wedding_bot | Нет chat_id у участника id=13 (sdfasd xsdxewefwef), пропускаем
2026-03-10 17:31:54 | WARNING  | wedding_bot | Нет chat_id у участника id=14 (dfsdfsdfsdf sdfsdfsdfsdf), пропускаем
2026-03-10 17:31:54 | WARNING  | wedding_bot | Не удалось отправить chat_id=1163267317: Telegram server says - Bad Request: message text is empty
2026-03-10 17:31:54 | WARNING  | wedding_bot | Не удалось отправить chat_id=1149770405: Telegram server says - Bad Request: message text is empty
2026-03-10 17:32:18 | WARNING  | wedding_bot | Нет chat_id у участника id=5 (fff fff), пропускаем
2026-03-10 17:32:18 | WARNING  | wedding_bot | Нет chat_id у участника id=8 (qqq qqq), пропускаем
2026-03-10 17:32:18 | WARNING  | wedding_bot | Нет chat_id у участника id=9 (aaa sss), пропускаем
2026-03-10 17:32:18 | WARNING  | wedding_bot | Нет chat_id у участника id=10 (tttt vfvfvfvfv), пропускаем
2026-03-10 17:32:18 | WARNING  | wedding_bot | Нет chat_id у участника id=11 (wffeefwef scacasvaasda), пропускаем
2026-03-10 17:32:18 | WARNING  | wedding_bot | Нет chat_id у участника id=12 (sdfasdfccwce fxwefwexwe), пропускаем
2026-03-10 17:32:18 | WARNING  | wedding_bot | Нет chat_id у участника id=13 (sdfasd xsdxewefwef), пропускаем
2026-03-10 17:32:18 | WARNING  | wedding_bot | Нет chat_id у участника id=14 (dfsdfsdfsdf sdfsdfsdfsdf), пропускаем
2026-03-10 17:32:41 | WARNING  | wedding_bot | Нет chat_id у участника id=5 (fff fff), пропускаем
2026-03-10 17:32:41 | WARNING  | wedding_bot | Нет chat_id у участника id=8 (qqq qqq), пропускаем
2026-03-10 17:32:41 | WARNING  | wedding_bot | Нет chat_id у участника id=9 (aaa sss), пропускаем
2026-03-10 17:32:41 | WARNING  | wedding_bot | Нет chat_id у участника id=10 (tttt vfvfvfvfv), пропускаем
2026-03-10 17:32:41 | WARNING  | wedding_bot | Нет chat_id у участника id=11 (wffeefwef scacasvaasda), пропускаем
2026-03-10 17:32:41 | WARNING  | wedding_bot | Нет chat_id у участника id=12 (sdfasdfccwce fxwefwexwe), пропускаем
2026-03-10 17:32:41 | WARNING  | wedding_bot | Нет chat_id у участника id=13 (sdfasd xsdxewefwef), пропускаем
2026-03-10 17:32:41 | WARNING  | wedding_bot | Нет chat_id у участника id=14 (dfsdfsdfsdf sdfsdfsdfsdf), пропускаем
2026-03-10 17:32:56 | WARNING  | wedding_bot | Нет chat_id у участника id=5 (fff fff), пропускаем
2026-03-10 17:32:56 | WARNING  | wedding_bot | Нет chat_id у участника id=8 (qqq qqq), пропускаем
2026-03-10 17:32:56 | WARNING  | wedding_bot | Нет chat_id у участника id=9 (aaa sss), пропускаем
2026-03-10 17:32:56 | WARNING  | wedding_bot | Нет chat_id у участника id=10 (tttt vfvfvfvfv), пропускаем
2026-03-10 17:32:56 | WARNING  | wedding_bot | Нет chat_id у участника id=11 (wffeefwef scacasvaasda), пропускаем
2026-03-10 17:32:56 | WARNING  | wedding_bot | Нет chat_id у участника id=12 (sdfasdfccwce fxwefwexwe), пропускаем
2026-03-10 17:32:56 | WARNING  | wedding_bot | Нет chat_id у участника id=13 (sdfasd xsdxewefwef), пропускаем
2026-03-10 17:32:56 | WARNING  | wedding_bot | Нет chat_id у участника id=14 (dfsdfsdfsdf sdfsdfsdfsdf), пропускаем
2026-03-10 17:35:14 | ERROR    | wedding_bot | HTTP ошибка при отправке пожелания @C4be74: 400
2026-03-10 17:40:00 | INFO     | wedding_bot | Бот остановлен.
2026-03-10 17:40:02 | INFO     | wedding_bot | Запуск свадебного бота...
2026-03-10 17:40:02 | INFO     | wedding_bot | Веб-сервер запущен на порту 5555
2026-03-10 17:40:02 | INFO     | wedding_bot | Бот запущен. Нажмите Ctrl+C, чтобы остановить.
2026-03-10 17:40:25 | INFO     | wedding_bot | Пожелание от @C4be74 отправлено успешно, статус 201
2026-03-10 17:40:29 | INFO     | wedding_bot | Пользователь None (ID: 1949765943) запустил бота.
2026-03-10 17:41:43 | ERROR    | wedding_bot | HTTP ошибка при отправке пожелания @C4be74: 400
2026-03-10 17:41:43 | ERROR    | wedding_bot | HTTP ошибка при регистрации @: 422
2026-03-10 17:45:52 | ERROR    | wedding_bot | HTTP ошибка при отправке пожелания @C4be74: 400
2026-03-10 17:48:56 | INFO     | wedding_bot | Пожелание от @C4be74 отправлено успешно, статус 201
2026-03-10 17:49:40 | INFO     | wedding_bot | Пожелание от @C4be74 отправлено успешно, статус 201
2026-03-10 17:54:15 | INFO     | wedding_bot | Пожелание от @C4be74 отправлено успешно, статус 201
2026-03-10 18:02:50 | INFO     | wedding_bot | Пользователь C4be74 (ID: 1163267317) запустил бота.
2026-03-10 18:02:50 | INFO     | wedding_bot | Подготовлен ответ: Привет, Гимазетдинов Дима, вижу тебя в списках участников.
2026-03-10 18:11:20 | INFO     | wedding_bot | Пользователь None (ID: 7686716458) запустил бота.
2026-03-10 18:12:52 | ERROR    | wedding_bot | HTTP ошибка при регистрации @: 422
2026-03-10 18:16:08 | INFO     | wedding_bot | Бот остановлен.
2026-03-10 18:16:10 | INFO     | wedding_bot | Запуск свадебного бота...
2026-03-10 18:16:10 | INFO     | wedding_bot | Веб-сервер запущен на порту 5555
2026-03-10 18:16:10 | INFO     | wedding_bot | Бот запущен. Нажмите Ctrl+C, чтобы остановить.
2026-03-10 18:16:14 | INFO     | wedding_bot | Пользователь None (ID: 7686716458) запустил бота.
2026-03-10 18:16:14 | ERROR    | wedding_bot | Ошибка при обращении к DB_SERVICE_URL
Traceback (most recent call last):
  File "/app/src/routers/member_start.py", line 26, in cmd_start
    resp = await client.get(f"/members/by-telegram-id/{user_id}")
           ^^^^^^^^^^^^^^^^^^^^^^^^^^^^^^^^^^^^^^^^^^^^^^^^^^^^^^
  File "/app/src/utils/external_services_client.py", line 109, in get
    return await self.request("GET", url, **kwargs)
           ^^^^^^^^^^^^^^^^^^^^^^^^^^^^^^^^^^^^^^^^
  File "/app/src/utils/external_services_client.py", line 91, in request
    resp.raise_for_status()
  File "/usr/local/lib/python3.11/site-packages/httpx/_models.py", line 829, in raise_for_status
    raise HTTPStatusError(message, request=request, response=self)
httpx.HTTPStatusError: Server error '500 Internal Server Error' for url 'http://wedding-db-service:8000/members/by-telegram-id/7686716458'
For more information check: https://developer.mozilla.org/en-US/docs/Web/HTTP/Status/500
2026-03-10 18:16:20 | INFO     | wedding_bot | Пользователь None (ID: 7686716458) запустил бота.
2026-03-10 18:17:28 | ERROR    | wedding_bot | HTTP ошибка при регистрации @: 422
2026-03-10 18:28:29 | INFO     | wedding_bot | Бот остановлен.
2026-03-10 18:28:31 | INFO     | wedding_bot | Запуск свадебного бота...
2026-03-10 18:28:31 | INFO     | wedding_bot | Веб-сервер запущен на порту 5555
2026-03-10 18:28:31 | INFO     | wedding_bot | Бот запущен. Нажмите Ctrl+C, чтобы остановить.
2026-03-10 18:28:40 | INFO     | wedding_bot | Пользователь None (ID: 7686716458) запустил бота.
2026-03-10 18:29:33 | ERROR    | wedding_bot | HTTP ошибка при регистрации tg_7686716458: 422
2026-03-10 18:31:46 | INFO     | wedding_bot | Бот остановлен.
2026-03-10 18:31:47 | INFO     | wedding_bot | Запуск свадебного бота...
2026-03-10 18:31:47 | INFO     | wedding_bot | Веб-сервер запущен на порту 5555
2026-03-10 18:31:47 | INFO     | wedding_bot | Бот запущен. Нажмите Ctrl+C, чтобы остановить.
2026-03-10 18:32:01 | INFO     | wedding_bot | Пользователь None (ID: 7686716458) запустил бота.
2026-03-10 18:32:58 | INFO     | wedding_bot | Обновлены telegram_id и chat_id для участника 18
2026-03-10 18:32:58 | INFO     | wedding_bot | Регистрация @tg_7686716458 прошла успешно, статус 201
2026-03-10 18:39:57 | INFO     | wedding_bot | Бот остановлен.
2026-03-10 18:39:58 | INFO     | wedding_bot | Запуск свадебного бота...
2026-03-10 18:39:58 | INFO     | wedding_bot | Веб-сервер запущен на порту 5555
2026-03-10 18:39:58 | INFO     | wedding_bot | Бот запущен. Нажмите Ctrl+C, чтобы остановить.
2026-03-10 18:40:45 | WARNING  | wedding_bot | Нет chat_id у участника id=5 (fff fff), пропускаем
2026-03-10 18:40:45 | WARNING  | wedding_bot | Нет chat_id у участника id=8 (qqq qqq), пропускаем
2026-03-10 18:40:45 | WARNING  | wedding_bot | Нет chat_id у участника id=9 (aaa sss), пропускаем
2026-03-10 18:40:45 | WARNING  | wedding_bot | Нет chat_id у участника id=10 (tttt vfvfvfvfv), пропускаем
2026-03-10 18:40:45 | WARNING  | wedding_bot | Нет chat_id у участника id=11 (wffeefwef scacasvaasda), пропускаем
2026-03-10 18:40:45 | WARNING  | wedding_bot | Нет chat_id у участника id=12 (sdfasdfccwce fxwefwexwe), пропускаем
2026-03-10 18:40:45 | WARNING  | wedding_bot | Нет chat_id у участника id=13 (sdfasd xsdxewefwef), пропускаем
2026-03-10 18:40:45 | WARNING  | wedding_bot | Нет chat_id у участника id=14 (dfsdfsdfsdf sdfsdfsdfsdf), пропускаем
2026-03-10 18:40:45 | WARNING  | wedding_bot | Нет chat_id у участника id=15 (Афты Насер), пропускаем
2026-03-10 18:40:45 | WARNING  | wedding_bot | Нет chat_id у участника id=16 (Афифа Афифа), пропускаем
2026-03-10 18:40:45 | WARNING  | wedding_bot | Нет chat_id у участника id=17 (Насерини Мафиози), пропускаем
2026-03-10 18:40:45 | WARNING  | wedding_bot | Нет chat_id у участника id=19 (Hdhdhdhd Heheh she), пропускаем
2026-03-10 18:40:45 | WARNING  | wedding_bot | Нет chat_id у участника id=20 (Jabbed Bending), пропускаем
2026-03-10 18:42:58 | WARNING  | wedding_bot | Нет chat_id у участника id=5 (fff fff), пропускаем
2026-03-10 18:42:58 | WARNING  | wedding_bot | Нет chat_id у участника id=8 (qqq qqq), пропускаем
2026-03-10 18:42:58 | WARNING  | wedding_bot | Нет chat_id у участника id=9 (aaa sss), пропускаем
2026-03-10 18:42:58 | WARNING  | wedding_bot | Нет chat_id у участника id=10 (tttt vfvfvfvfv), пропускаем
2026-03-10 18:42:58 | WARNING  | wedding_bot | Нет chat_id у участника id=11 (wffeefwef scacasvaasda), пропускаем
2026-03-10 18:42:58 | WARNING  | wedding_bot | Нет chat_id у участника id=12 (sdfasdfccwce fxwefwexwe), пропускаем
2026-03-10 18:42:58 | WARNING  | wedding_bot | Нет chat_id у участника id=13 (sdfasd xsdxewefwef), пропускаем
2026-03-10 18:42:58 | WARNING  | wedding_bot | Нет chat_id у участника id=14 (dfsdfsdfsdf sdfsdfsdfsdf), пропускаем
2026-03-10 18:42:58 | WARNING  | wedding_bot | Нет chat_id у участника id=15 (Афты Насер), пропускаем
2026-03-10 18:42:58 | WARNING  | wedding_bot | Нет chat_id у участника id=16 (Афифа Афифа), пропускаем
2026-03-10 18:42:58 | WARNING  | wedding_bot | Нет chat_id у участника id=17 (Насерини Мафиози), пропускаем
2026-03-10 18:42:58 | WARNING  | wedding_bot | Нет chat_id у участника id=19 (Hdhdhdhd Heheh she), пропускаем
2026-03-10 18:42:58 | WARNING  | wedding_bot | Нет chat_id у участника id=20 (Jabbed Bending), пропускаем
2026-03-10 18:44:32 | INFO     | wedding_bot | Бот остановлен.
2026-03-10 18:44:34 | INFO     | wedding_bot | Запуск свадебного бота...
2026-03-10 18:44:34 | INFO     | wedding_bot | Веб-сервер запущен на порту 5555
2026-03-10 18:44:34 | INFO     | wedding_bot | Бот запущен. Нажмите Ctrl+C, чтобы остановить.
2026-03-10 18:44:51 | WARNING  | wedding_bot | Нет chat_id у участника id=5 (fff fff), пропускаем
2026-03-10 18:44:51 | WARNING  | wedding_bot | Нет chat_id у участника id=8 (qqq qqq), пропускаем
2026-03-10 18:44:51 | WARNING  | wedding_bot | Нет chat_id у участника id=9 (aaa sss), пропускаем
2026-03-10 18:44:51 | WARNING  | wedding_bot | Нет chat_id у участника id=10 (tttt vfvfvfvfv), пропускаем
2026-03-10 18:44:51 | WARNING  | wedding_bot | Нет chat_id у участника id=11 (wffeefwef scacasvaasda), пропускаем
2026-03-10 18:44:51 | WARNING  | wedding_bot | Нет chat_id у участника id=12 (sdfasdfccwce fxwefwexwe), пропускаем
2026-03-10 18:44:51 | WARNING  | wedding_bot | Нет chat_id у участника id=13 (sdfasd xsdxewefwef), пропускаем
2026-03-10 18:44:51 | WARNING  | wedding_bot | Нет chat_id у участника id=14 (dfsdfsdfsdf sdfsdfsdfsdf), пропускаем
2026-03-10 18:44:51 | WARNING  | wedding_bot | Нет chat_id у участника id=15 (Афты Насер), пропускаем
2026-03-10 18:44:51 | WARNING  | wedding_bot | Нет chat_id у участника id=16 (Афифа Афифа), пропускаем
2026-03-10 18:44:51 | WARNING  | wedding_bot | Нет chat_id у участника id=17 (Насерини Мафиози), пропускаем
2026-03-10 18:44:51 | WARNING  | wedding_bot | Нет chat_id у участника id=19 (Hdhdhdhd Heheh she), пропускаем
2026-03-10 18:44:51 | WARNING  | wedding_bot | Нет chat_id у участника id=20 (Jabbed Bending), пропускаем
2026-03-10 18:45:21 | WARNING  | wedding_bot | Нет chat_id у участника id=5 (fff fff), пропускаем
2026-03-10 18:45:21 | WARNING  | wedding_bot | Нет chat_id у участника id=8 (qqq qqq), пропускаем
2026-03-10 18:45:21 | WARNING  | wedding_bot | Нет chat_id у участника id=9 (aaa sss), пропускаем
2026-03-10 18:45:21 | WARNING  | wedding_bot | Нет chat_id у участника id=10 (tttt vfvfvfvfv), пропускаем
2026-03-10 18:45:21 | WARNING  | wedding_bot | Нет chat_id у участника id=11 (wffeefwef scacasvaasda), пропускаем
2026-03-10 18:45:21 | WARNING  | wedding_bot | Нет chat_id у участника id=12 (sdfasdfccwce fxwefwexwe), пропускаем
2026-03-10 18:45:21 | WARNING  | wedding_bot | Нет chat_id у участника id=13 (sdfasd xsdxewefwef), пропускаем
2026-03-10 18:45:21 | WARNING  | wedding_bot | Нет chat_id у участника id=14 (dfsdfsdfsdf sdfsdfsdfsdf), пропускаем
2026-03-10 18:45:21 | WARNING  | wedding_bot | Нет chat_id у участника id=15 (Афты Насер), пропускаем
2026-03-10 18:45:21 | WARNING  | wedding_bot | Нет chat_id у участника id=16 (Афифа Афифа), пропускаем
2026-03-10 18:45:21 | WARNING  | wedding_bot | Нет chat_id у участника id=17 (Насерини Мафиози), пропускаем
2026-03-10 18:45:21 | WARNING  | wedding_bot | Нет chat_id у участника id=19 (Hdhdhdhd Heheh she), пропускаем
2026-03-10 18:45:21 | WARNING  | wedding_bot | Нет chat_id у участника id=20 (Jabbed Bending), пропускаем
2026-03-10 19:53:08 | INFO     | wedding_bot | Пользователь None (ID: 1949765943) запустил бота.
2026-03-10 19:53:08 | INFO     | wedding_bot | Пользователь None (ID: 1949765943) запустил бота.
2026-03-10 19:53:08 | INFO     | wedding_bot | Пользователь None (ID: 1949765943) запустил бота.
2026-03-10 19:59:18 | ERROR    | wedding_bot | HTTP ошибка при регистрации @tg_1949765943: 422
2026-03-10 20:04:05 | INFO     | wedding_bot | Бот остановлен.
2026-03-11 11:43:00 | INFO     | wedding_bot | Запуск свадебного бота...
2026-03-11 11:43:00 | INFO     | wedding_bot | Веб-сервер запущен на порту 5555
2026-03-11 11:43:00 | INFO     | wedding_bot | Бот запущен. Нажмите Ctrl+C, чтобы остановить.
2026-03-11 11:43:00 | INFO     | wedding_bot | Пользователь None (ID: 1949765943) запустил бота.
2026-03-11 11:43:03 | INFO     | wedding_bot | Бот остановлен.
2026-03-11 11:43:05 | INFO     | wedding_bot | Запуск свадебного бота...
2026-03-11 11:43:05 | INFO     | wedding_bot | Веб-сервер запущен на порту 5555
2026-03-11 11:43:05 | INFO     | wedding_bot | Бот запущен. Нажмите Ctrl+C, чтобы остановить.
2026-03-11 11:43:45 | INFO     | wedding_bot | Пользователь None (ID: 1949765943) запустил бота.
2026-03-11 11:43:57 | INFO     | wedding_bot | Обновлены telegram_id и chat_id для участника 21
2026-03-11 11:43:57 | INFO     | wedding_bot | Регистрация @tg_1949765943 прошла успешно, статус 201
2026-03-11 11:44:38 | ERROR    | wedding_bot | HTTP ошибка при отправке пожелания tg_1949765943: 400
2026-03-11 11:52:17 | INFO     | wedding_bot | Пользователь None (ID: 1949765943) запустил бота.
2026-03-11 11:52:17 | INFO     | wedding_bot | Подготовлен ответ: Привет, Афиф Димасик, вижу твою анкету. Хотите передумать и прийти на мероприятие?
2026-03-11 11:52:33 | INFO     | wedding_bot | Пользователь None (ID: 1949765943) запустил бота.
2026-03-11 11:52:33 | INFO     | wedding_bot | Подготовлен ответ: Привет, Афиф Димасик, вижу твою анкету. Хотите передумать и прийти на мероприятие?
2026-03-11 11:52:37 | INFO     | wedding_bot | Пользователь None (ID: 1949765943) запустил бота.
2026-03-11 11:52:37 | INFO     | wedding_bot | Подготовлен ответ: Привет, Афиф Димасик, вижу твою анкету. Хотите передумать и прийти на мероприятие?
2026-03-11 11:53:15 | ERROR    | wedding_bot | HTTP ошибка при отправке пожелания tg_1949765943: 400
2026-03-11 11:56:13 | WARNING  | wedding_bot | Нет chat_id у участника id=5 (fff fff), пропускаем
2026-03-11 11:56:13 | WARNING  | wedding_bot | Нет chat_id у участника id=8 (qqq qqq), пропускаем
2026-03-11 11:56:13 | WARNING  | wedding_bot | Нет chat_id у участника id=9 (aaa sss), пропускаем
2026-03-11 11:56:13 | WARNING  | wedding_bot | Нет chat_id у участника id=10 (tttt vfvfvfvfv), пропускаем
2026-03-11 11:56:13 | WARNING  | wedding_bot | Нет chat_id у участника id=11 (wffeefwef scacasvaasda), пропускаем
2026-03-11 11:56:13 | WARNING  | wedding_bot | Нет chat_id у участника id=12 (sdfasdfccwce fxwefwexwe), пропускаем
2026-03-11 11:56:13 | WARNING  | wedding_bot | Нет chat_id у участника id=13 (sdfasd xsdxewefwef), пропускаем
2026-03-11 11:56:13 | WARNING  | wedding_bot | Нет chat_id у участника id=14 (dfsdfsdfsdf sdfsdfsdfsdf), пропускаем
2026-03-11 11:56:13 | WARNING  | wedding_bot | Нет chat_id у участника id=15 (Афты Насер), пропускаем
2026-03-11 11:56:13 | WARNING  | wedding_bot | Нет chat_id у участника id=16 (Афифа Афифа), пропускаем
2026-03-11 11:56:13 | WARNING  | wedding_bot | Нет chat_id у участника id=17 (Насерини Мафиози), пропускаем
2026-03-11 11:56:13 | WARNING  | wedding_bot | Нет chat_id у участника id=19 (Hdhdhdhd Heheh she), пропускаем
2026-03-11 11:56:13 | WARNING  | wedding_bot | Нет chat_id у участника id=20 (Jabbed Bending), пропускаем
2026-03-11 12:00:15 | ERROR    | wedding_bot | HTTP ошибка при отправке пожелания tg_1949765943: 400
2026-03-11 12:06:36 | ERROR    | wedding_bot | HTTP ошибка при отправке пожелания @C4be74: 400
2026-03-11 12:17:38 | ERROR    | wedding_bot | HTTP ошибка при отправке пожелания @C4be74: 400
2026-03-11 12:18:50 | ERROR    | wedding_bot | HTTP ошибка при отправке пожелания @C4be74: 400
2026-03-11 12:20:39 | ERROR    | wedding_bot | HTTP ошибка при отправке пожелания @C4be74: 400
2026-03-11 12:21:06 | ERROR    | wedding_bot | HTTP ошибка при отправке пожелания @C4be74: 400
2026-03-11 12:25:17 | ERROR    | wedding_bot | HTTP ошибка при отправке пожелания @C4be74: 400
2026-03-11 12:27:27 | INFO     | wedding_bot | Бот остановлен.
2026-03-11 12:27:29 | INFO     | wedding_bot | Запуск свадебного бота...
2026-03-11 12:27:29 | INFO     | wedding_bot | Веб-сервер запущен на порту 5555
2026-03-11 12:27:29 | INFO     | wedding_bot | Бот запущен. Нажмите Ctrl+C, чтобы остановить.
2026-03-11 12:27:42 | INFO     | wedding_bot | Пользователь @C4be74 отправляет пожелание: Пап
2026-03-11 12:27:42 | ERROR    | wedding_bot | HTTP ошибка при отправке пожелания @C4be74: 500
2026-03-11 12:42:43 | INFO     | wedding_bot | Пользователь @C4be74 отправляет пожелание: Прими
2026-03-11 12:42:43 | INFO     | wedding_bot | Пожелание от @C4be74 отправлено успешно, статус 201
2026-03-11 12:46:41 | INFO     | wedding_bot | Пользователь None (ID: 1949765943) запустил бота.
2026-03-11 12:46:41 | INFO     | wedding_bot | Подготовлен ответ: Привет, Афиф Димасик, вижу твою анкету. Хотите передумать и прийти на мероприятие?
2026-03-11 12:49:57 | INFO     | wedding_bot | Бот остановлен.
2026-03-11 12:49:59 | INFO     | wedding_bot | Запуск свадебного бота...
2026-03-11 12:49:59 | INFO     | wedding_bot | Веб-сервер запущен на порту 5555
2026-03-11 12:49:59 | INFO     | wedding_bot | Бот запущен. Нажмите Ctrl+C, чтобы остановить.
2026-03-11 12:50:32 | INFO     | wedding_bot | Пользователь None (ID: 1949765943) запустил бота.
2026-03-11 12:50:32 | INFO     | wedding_bot | Подготовлен ответ: Привет, Афиф Димасик, вижу твою анкету. Видимо хотите передумать и прийти на свадьбу? Если да, то просто нажмите кнопку ниже и подтвердите участие!
2026-03-11 12:50:51 | INFO     | wedding_bot | Участник 21 подтвердил участие
2026-03-11 12:52:10 | INFO     | wedding_bot | Пользователь @tg_1949765943 отправляет пожелание: Интим-фото Насера
Ограничения/аллергии: Нет Сирийцам
2026-03-11 12:52:10 | INFO     | wedding_bot | Пожелание от @tg_1949765943 отправлено успешно, статус 201
2026-03-11 12:52:28 | INFO     | wedding_bot | Пользователь None (ID: 1949765943) запустил бота.
2026-03-11 12:52:28 | INFO     | wedding_bot | Подготовлен ответ: Привет, Афиф Димасик, вижу тебя в списках участников. 🎊
2026-03-11 12:55:02 | INFO     | wedding_bot | Пользователь Kkola229 (ID: 8462305254) запустил бота.
2026-03-11 12:59:11 | ERROR    | wedding_bot | HTTP ошибка при регистрации @Kkola229: 422
2026-03-11 13:01:13 | INFO     | wedding_bot | Бот остановлен.
2026-03-11 13:01:15 | INFO     | wedding_bot | Запуск свадебного бота...
2026-03-11 13:01:15 | INFO     | wedding_bot | Веб-сервер запущен на порту 5555
2026-03-11 13:01:15 | INFO     | wedding_bot | Бот запущен. Нажмите Ctrl+C, чтобы остановить.
2026-03-11 13:02:12 | INFO     | wedding_bot | Участник 21 отмечен как не приходящий
2026-03-11 13:02:21 | INFO     | wedding_bot | Пользователь None (ID: 1949765943) запустил бота.
2026-03-11 13:02:21 | INFO     | wedding_bot | Подготовлен ответ: Привет, Афиф Димасик, вижу твою анкету. Видимо хотите передумать и прийти на свадьбу? Если да, то просто нажмите кнопку ниже и подтвердите участие!
2026-03-11 13:02:25 | INFO     | wedding_bot | Участник 21 подтвердил участие
2026-03-11 13:38:11 | INFO     | wedding_bot | Бот остановлен.
2026-03-11 13:38:13 | INFO     | wedding_bot | Запуск свадебного бота...
2026-03-11 13:38:13 | INFO     | wedding_bot | Веб-сервер запущен на порту 5555
2026-03-11 13:38:13 | INFO     | wedding_bot | Бот запущен. Нажмите Ctrl+C, чтобы остановить.
2026-03-11 13:43:06 | INFO     | wedding_bot | Бот остановлен.
2026-03-11 13:43:08 | INFO     | wedding_bot | Запуск свадебного бота...
2026-03-11 13:43:08 | INFO     | wedding_bot | Веб-сервер запущен на порту 5555
2026-03-11 13:43:08 | INFO     | wedding_bot | Бот запущен. Нажмите Ctrl+C, чтобы остановить.
2026-03-11 14:33:40 | INFO     | wedding_bot | Бот остановлен.
2026-03-11 14:34:58 | INFO     | wedding_bot | Запуск свадебного бота...
2026-03-11 14:34:58 | INFO     | wedding_bot | Веб-сервер запущен на порту 5555
2026-03-11 14:34:58 | INFO     | wedding_bot | Бот запущен. Нажмите Ctrl+C, чтобы остановить.
2026-03-11 14:57:15 | INFO     | wedding_bot | Бот остановлен.
2026-03-11 17:15:44 | INFO     | wedding_bot | Запуск свадебного бота...
2026-03-11 17:15:44 | INFO     | wedding_bot | Веб-сервер запущен на порту 5555
2026-03-11 17:15:44 | INFO     | wedding_bot | Бот запущен. Нажмите Ctrl+C, чтобы остановить.
2026-03-11 17:15:46 | ERROR    | wedding_bot | Ошибка при получении конфигурации сайта
Traceback (most recent call last):
  File "/usr/local/lib/python3.11/site-packages/httpx/_transports/default.py", line 101, in map_httpcore_exceptions
    yield
  File "/usr/local/lib/python3.11/site-packages/httpx/_transports/default.py", line 394, in handle_async_request
    resp = await self._pool.handle_async_request(req)
           ^^^^^^^^^^^^^^^^^^^^^^^^^^^^^^^^^^^^^^^^^^
  File "/usr/local/lib/python3.11/site-packages/httpcore/_async/connection_pool.py", line 256, in handle_async_request
    raise exc from None
  File "/usr/local/lib/python3.11/site-packages/httpcore/_async/connection_pool.py", line 236, in handle_async_request
    response = await connection.handle_async_request(
               ^^^^^^^^^^^^^^^^^^^^^^^^^^^^^^^^^^^^^^
  File "/usr/local/lib/python3.11/site-packages/httpcore/_async/connection.py", line 101, in handle_async_request
    raise exc
  File "/usr/local/lib/python3.11/site-packages/httpcore/_async/connection.py", line 78, in handle_async_request
    stream = await self._connect(request)
             ^^^^^^^^^^^^^^^^^^^^^^^^^^^^
  File "/usr/local/lib/python3.11/site-packages/httpcore/_async/connection.py", line 124, in _connect
    stream = await self._network_backend.connect_tcp(**kwargs)
             ^^^^^^^^^^^^^^^^^^^^^^^^^^^^^^^^^^^^^^^^^^^^^^^^^
  File "/usr/local/lib/python3.11/site-packages/httpcore/_backends/auto.py", line 31, in connect_tcp
    return await self._backend.connect_tcp(
           ^^^^^^^^^^^^^^^^^^^^^^^^^^^^^^^^
  File "/usr/local/lib/python3.11/site-packages/httpcore/_backends/anyio.py", line 113, in connect_tcp
    with map_exceptions(exc_map):
  File "/usr/local/lib/python3.11/contextlib.py", line 158, in __exit__
    self.gen.throw(typ, value, traceback)
  File "/usr/local/lib/python3.11/site-packages/httpcore/_exceptions.py", line 14, in map_exceptions
    raise to_exc(exc) from exc
httpcore.ConnectError: [Errno -2] Name or service not known

The above exception was the direct cause of the following exception:

Traceback (most recent call last):
  File "/app/src/routers/member_days.py", line 16, in _get_config
    resp = await client.get("/site-config/latest")
           ^^^^^^^^^^^^^^^^^^^^^^^^^^^^^^^^^^^^^^^
  File "/app/src/utils/external_services_client.py", line 109, in get
    return await self.request("GET", url, **kwargs)
           ^^^^^^^^^^^^^^^^^^^^^^^^^^^^^^^^^^^^^^^^
  File "/app/src/utils/external_services_client.py", line 105, in request
    raise last_exc or RuntimeError("Unknown httpx error")
  File "/app/src/utils/external_services_client.py", line 81, in request
    resp = await self._client.request(
           ^^^^^^^^^^^^^^^^^^^^^^^^^^^
  File "/usr/local/lib/python3.11/site-packages/httpx/_client.py", line 1540, in request
    return await self.send(request, auth=auth, follow_redirects=follow_redirects)
           ^^^^^^^^^^^^^^^^^^^^^^^^^^^^^^^^^^^^^^^^^^^^^^^^^^^^^^^^^^^^^^^^^^^^^^
  File "/usr/local/lib/python3.11/site-packages/httpx/_client.py", line 1629, in send
    response = await self._send_handling_auth(
               ^^^^^^^^^^^^^^^^^^^^^^^^^^^^^^^
  File "/usr/local/lib/python3.11/site-packages/httpx/_client.py", line 1657, in _send_handling_auth
    response = await self._send_handling_redirects(
               ^^^^^^^^^^^^^^^^^^^^^^^^^^^^^^^^^^^^
  File "/usr/local/lib/python3.11/site-packages/httpx/_client.py", line 1694, in _send_handling_redirects
    response = await self._send_single_request(request)
               ^^^^^^^^^^^^^^^^^^^^^^^^^^^^^^^^^^^^^^^^
  File "/usr/local/lib/python3.11/site-packages/httpx/_client.py", line 1730, in _send_single_request
    response = await transport.handle_async_request(request)
               ^^^^^^^^^^^^^^^^^^^^^^^^^^^^^^^^^^^^^^^^^^^^^
  File "/usr/local/lib/python3.11/site-packages/httpx/_transports/default.py", line 393, in handle_async_request
    with map_httpcore_exceptions():
  File "/usr/local/lib/python3.11/contextlib.py", line 158, in __exit__
    self.gen.throw(typ, value, traceback)
  File "/usr/local/lib/python3.11/site-packages/httpx/_transports/default.py", line 118, in map_httpcore_exceptions
    raise mapped_exc(message) from exc
httpx.ConnectError: [Errno -2] Name or service not known
2026-03-11 17:15:46 | ERROR    | wedding_bot | Ошибка при получении конфигурации сайта
Traceback (most recent call last):
  File "/usr/local/lib/python3.11/site-packages/httpx/_transports/default.py", line 101, in map_httpcore_exceptions
    yield
  File "/usr/local/lib/python3.11/site-packages/httpx/_transports/default.py", line 394, in handle_async_request
    resp = await self._pool.handle_async_request(req)
           ^^^^^^^^^^^^^^^^^^^^^^^^^^^^^^^^^^^^^^^^^^
  File "/usr/local/lib/python3.11/site-packages/httpcore/_async/connection_pool.py", line 256, in handle_async_request
    raise exc from None
  File "/usr/local/lib/python3.11/site-packages/httpcore/_async/connection_pool.py", line 236, in handle_async_request
    response = await connection.handle_async_request(
               ^^^^^^^^^^^^^^^^^^^^^^^^^^^^^^^^^^^^^^
  File "/usr/local/lib/python3.11/site-packages/httpcore/_async/connection.py", line 101, in handle_async_request
    raise exc
  File "/usr/local/lib/python3.11/site-packages/httpcore/_async/connection.py", line 78, in handle_async_request
    stream = await self._connect(request)
             ^^^^^^^^^^^^^^^^^^^^^^^^^^^^
  File "/usr/local/lib/python3.11/site-packages/httpcore/_async/connection.py", line 124, in _connect
    stream = await self._network_backend.connect_tcp(**kwargs)
             ^^^^^^^^^^^^^^^^^^^^^^^^^^^^^^^^^^^^^^^^^^^^^^^^^
  File "/usr/local/lib/python3.11/site-packages/httpcore/_backends/auto.py", line 31, in connect_tcp
    return await self._backend.connect_tcp(
           ^^^^^^^^^^^^^^^^^^^^^^^^^^^^^^^^
  File "/usr/local/lib/python3.11/site-packages/httpcore/_backends/anyio.py", line 113, in connect_tcp
    with map_exceptions(exc_map):
  File "/usr/local/lib/python3.11/contextlib.py", line 158, in __exit__
    self.gen.throw(typ, value, traceback)
  File "/usr/local/lib/python3.11/site-packages/httpcore/_exceptions.py", line 14, in map_exceptions
    raise to_exc(exc) from exc
httpcore.ConnectError: [Errno -2] Name or service not known

The above exception was the direct cause of the following exception:

Traceback (most recent call last):
  File "/app/src/routers/member_days.py", line 16, in _get_config
    resp = await client.get("/site-config/latest")
           ^^^^^^^^^^^^^^^^^^^^^^^^^^^^^^^^^^^^^^^
  File "/app/src/utils/external_services_client.py", line 109, in get
    return await self.request("GET", url, **kwargs)
           ^^^^^^^^^^^^^^^^^^^^^^^^^^^^^^^^^^^^^^^^
  File "/app/src/utils/external_services_client.py", line 105, in request
    raise last_exc or RuntimeError("Unknown httpx error")
  File "/app/src/utils/external_services_client.py", line 81, in request
    resp = await self._client.request(
           ^^^^^^^^^^^^^^^^^^^^^^^^^^^
  File "/usr/local/lib/python3.11/site-packages/httpx/_client.py", line 1540, in request
    return await self.send(request, auth=auth, follow_redirects=follow_redirects)
           ^^^^^^^^^^^^^^^^^^^^^^^^^^^^^^^^^^^^^^^^^^^^^^^^^^^^^^^^^^^^^^^^^^^^^^
  File "/usr/local/lib/python3.11/site-packages/httpx/_client.py", line 1629, in send
    response = await self._send_handling_auth(
               ^^^^^^^^^^^^^^^^^^^^^^^^^^^^^^^
  File "/usr/local/lib/python3.11/site-packages/httpx/_client.py", line 1657, in _send_handling_auth
    response = await self._send_handling_redirects(
               ^^^^^^^^^^^^^^^^^^^^^^^^^^^^^^^^^^^^
  File "/usr/local/lib/python3.11/site-packages/httpx/_client.py", line 1694, in _send_handling_redirects
    response = await self._send_single_request(request)
               ^^^^^^^^^^^^^^^^^^^^^^^^^^^^^^^^^^^^^^^^
  File "/usr/local/lib/python3.11/site-packages/httpx/_client.py", line 1730, in _send_single_request
    response = await transport.handle_async_request(request)
               ^^^^^^^^^^^^^^^^^^^^^^^^^^^^^^^^^^^^^^^^^^^^^
  File "/usr/local/lib/python3.11/site-packages/httpx/_transports/default.py", line 393, in handle_async_request
    with map_httpcore_exceptions():
  File "/usr/local/lib/python3.11/contextlib.py", line 158, in __exit__
    self.gen.throw(typ, value, traceback)
  File "/usr/local/lib/python3.11/site-packages/httpx/_transports/default.py", line 118, in map_httpcore_exceptions
    raise mapped_exc(message) from exc
httpx.ConnectError: [Errno -2] Name or service not known
2026-03-11 17:15:46 | ERROR    | wedding_bot | Ошибка при получении конфигурации сайта
Traceback (most recent call last):
  File "/usr/local/lib/python3.11/site-packages/httpx/_transports/default.py", line 101, in map_httpcore_exceptions
    yield
  File "/usr/local/lib/python3.11/site-packages/httpx/_transports/default.py", line 394, in handle_async_request
    resp = await self._pool.handle_async_request(req)
           ^^^^^^^^^^^^^^^^^^^^^^^^^^^^^^^^^^^^^^^^^^
  File "/usr/local/lib/python3.11/site-packages/httpcore/_async/connection_pool.py", line 256, in handle_async_request
    raise exc from None
  File "/usr/local/lib/python3.11/site-packages/httpcore/_async/connection_pool.py", line 236, in handle_async_request
    response = await connection.handle_async_request(
               ^^^^^^^^^^^^^^^^^^^^^^^^^^^^^^^^^^^^^^
  File "/usr/local/lib/python3.11/site-packages/httpcore/_async/connection.py", line 101, in handle_async_request
    raise exc
  File "/usr/local/lib/python3.11/site-packages/httpcore/_async/connection.py", line 78, in handle_async_request
    stream = await self._connect(request)
             ^^^^^^^^^^^^^^^^^^^^^^^^^^^^
  File "/usr/local/lib/python3.11/site-packages/httpcore/_async/connection.py", line 124, in _connect
    stream = await self._network_backend.connect_tcp(**kwargs)
             ^^^^^^^^^^^^^^^^^^^^^^^^^^^^^^^^^^^^^^^^^^^^^^^^^
  File "/usr/local/lib/python3.11/site-packages/httpcore/_backends/auto.py", line 31, in connect_tcp
    return await self._backend.connect_tcp(
           ^^^^^^^^^^^^^^^^^^^^^^^^^^^^^^^^
  File "/usr/local/lib/python3.11/site-packages/httpcore/_backends/anyio.py", line 113, in connect_tcp
    with map_exceptions(exc_map):
  File "/usr/local/lib/python3.11/contextlib.py", line 158, in __exit__
    self.gen.throw(typ, value, traceback)
  File "/usr/local/lib/python3.11/site-packages/httpcore/_exceptions.py", line 14, in map_exceptions
    raise to_exc(exc) from exc
httpcore.ConnectError: [Errno -2] Name or service not known

The above exception was the direct cause of the following exception:

Traceback (most recent call last):
  File "/app/src/routers/member_days.py", line 16, in _get_config
    resp = await client.get("/site-config/latest")
           ^^^^^^^^^^^^^^^^^^^^^^^^^^^^^^^^^^^^^^^
  File "/app/src/utils/external_services_client.py", line 109, in get
    return await self.request("GET", url, **kwargs)
           ^^^^^^^^^^^^^^^^^^^^^^^^^^^^^^^^^^^^^^^^
  File "/app/src/utils/external_services_client.py", line 105, in request
    raise last_exc or RuntimeError("Unknown httpx error")
  File "/app/src/utils/external_services_client.py", line 81, in request
    resp = await self._client.request(
           ^^^^^^^^^^^^^^^^^^^^^^^^^^^
  File "/usr/local/lib/python3.11/site-packages/httpx/_client.py", line 1540, in request
    return await self.send(request, auth=auth, follow_redirects=follow_redirects)
           ^^^^^^^^^^^^^^^^^^^^^^^^^^^^^^^^^^^^^^^^^^^^^^^^^^^^^^^^^^^^^^^^^^^^^^
  File "/usr/local/lib/python3.11/site-packages/httpx/_client.py", line 1629, in send
    response = await self._send_handling_auth(
               ^^^^^^^^^^^^^^^^^^^^^^^^^^^^^^^
  File "/usr/local/lib/python3.11/site-packages/httpx/_client.py", line 1657, in _send_handling_auth
    response = await self._send_handling_redirects(
               ^^^^^^^^^^^^^^^^^^^^^^^^^^^^^^^^^^^^
  File "/usr/local/lib/python3.11/site-packages/httpx/_client.py", line 1694, in _send_handling_redirects
    response = await self._send_single_request(request)
               ^^^^^^^^^^^^^^^^^^^^^^^^^^^^^^^^^^^^^^^^
  File "/usr/local/lib/python3.11/site-packages/httpx/_client.py", line 1730, in _send_single_request
    response = await transport.handle_async_request(request)
               ^^^^^^^^^^^^^^^^^^^^^^^^^^^^^^^^^^^^^^^^^^^^^
  File "/usr/local/lib/python3.11/site-packages/httpx/_transports/default.py", line 393, in handle_async_request
    with map_httpcore_exceptions():
  File "/usr/local/lib/python3.11/contextlib.py", line 158, in __exit__
    self.gen.throw(typ, value, traceback)
  File "/usr/local/lib/python3.11/site-packages/httpx/_transports/default.py", line 118, in map_httpcore_exceptions
    raise mapped_exc(message) from exc
httpx.ConnectError: [Errno -2] Name or service not known
2026-03-11 17:20:10 | INFO     | wedding_bot | Бот остановлен.
2026-03-12 07:03:04 | INFO     | wedding_bot | Запуск свадебного бота...
2026-03-12 07:03:04 | INFO     | wedding_bot | Веб-сервер запущен на порту 5555
2026-03-12 07:03:04 | INFO     | wedding_bot | Бот запущен. Нажмите Ctrl+C, чтобы остановить.
2026-03-12 07:03:05 | INFO     | wedding_bot | Пользователь None (ID: 1949765943) запустил бота.
2026-03-12 07:05:09 | INFO     | wedding_bot | Пользователь C4be74 (ID: 1163267317) запустил бота.
2026-03-12 07:05:26 | INFO     | wedding_bot | Обновлены telegram_id и chat_id для участника 1
2026-03-12 07:05:26 | INFO     | wedding_bot | Регистрация @tg_1949765943 прошла успешно, статус 201
2026-03-12 07:05:47 | INFO     | wedding_bot | Обновлены telegram_id и chat_id для участника 2
2026-03-12 07:05:47 | INFO     | wedding_bot | Регистрация @C4be74 прошла успешно, статус 201
2026-03-12 07:07:12 | INFO     | wedding_bot | Пользователь Дима Гимазетдинов (@C4be74, ID: 1163267317) пытается присоединиться к свадебному ивенту.
2026-03-12 07:07:12 | ERROR    | wedding_bot | Исключение при запросе к БД для Дима Гимазетдинов: Client error '422 Unprocessable Entity' for url 'http://wedding-db-service:8000/members/tg_username?username=C4be74'
For more information check: https://developer.mozilla.org/en-US/docs/Web/HTTP/Status/422
2026-03-12 07:07:12 | ERROR    | wedding_bot | Исключение при запросе к БД для Дима Гимазетдинов по имени: Client error '405 Method Not Allowed' for url 'http://wedding-db-service:8000/members/by-name?first_name=%D0%94%D0%B8%D0%BC%D0%B0&second_name=%D0%93%D0%B8%D0%BC%D0%B0%D0%B7%D0%B5%D1%82%D0%B4%D0%B8%D0%BD%D0%BE%D0%B2'
For more information check: https://developer.mozilla.org/en-US/docs/Web/HTTP/Status/405
2026-03-12 07:09:04 | INFO     | wedding_bot | Бот остановлен.
2026-03-12 07:09:06 | INFO     | wedding_bot | Запуск свадебного бота...
2026-03-12 07:09:06 | INFO     | wedding_bot | Веб-сервер запущен на порту 5555
2026-03-12 07:09:06 | INFO     | wedding_bot | Бот запущен. Нажмите Ctrl+C, чтобы остановить.
2026-03-12 07:09:08 | INFO     | wedding_bot | Пользователь Дима Гимазетдинов (@C4be74, ID: 1163267317) пытается присоединиться к свадебному ивенту.
2026-03-12 07:09:08 | ERROR    | wedding_bot | Исключение при запросе к БД для Дима Гимазетдинов: Client error '422 Unprocessable Entity' for url 'http://wedding-db-service:8000/members/tg_username?username=%40C4be74'
For more information check: https://developer.mozilla.org/en-US/docs/Web/HTTP/Status/422
2026-03-12 07:09:08 | ERROR    | wedding_bot | Исключение при запросе к БД для Дима Гимазетдинов по имени: Client error '405 Method Not Allowed' for url 'http://wedding-db-service:8000/members/by-name?first_name=%D0%94%D0%B8%D0%BC%D0%B0&second_name=%D0%93%D0%B8%D0%BC%D0%B0%D0%B7%D0%B5%D1%82%D0%B4%D0%B8%D0%BD%D0%BE%D0%B2'
For more information check: https://developer.mozilla.org/en-US/docs/Web/HTTP/Status/405
2026-03-12 07:09:12 | INFO     | wedding_bot | Пользователь Дима Гимазетдинов (@C4be74, ID: 1163267317) пытается присоединиться к свадебному ивенту.
2026-03-12 07:09:12 | ERROR    | wedding_bot | Исключение при запросе к БД для Дима Гимазетдинов: Client error '422 Unprocessable Entity' for url 'http://wedding-db-service:8000/members/tg_username?username=%40C4be74'
For more information check: https://developer.mozilla.org/en-US/docs/Web/HTTP/Status/422
2026-03-12 07:09:12 | ERROR    | wedding_bot | Исключение при запросе к БД для Дима Гимазетдинов по имени: Client error '405 Method Not Allowed' for url 'http://wedding-db-service:8000/members/by-name?first_name=%D0%94%D0%B8%D0%BC%D0%B0&second_name=%D0%93%D0%B8%D0%BC%D0%B0%D0%B7%D0%B5%D1%82%D0%B4%D0%B8%D0%BD%D0%BE%D0%B2'
For more information check: https://developer.mozilla.org/en-US/docs/Web/HTTP/Status/405
2026-03-12 07:09:14 | INFO     | wedding_bot | Пользователь Дима Гимазетдинов (@C4be74, ID: 1163267317) пытается присоединиться к свадебному ивенту.
2026-03-12 07:09:14 | ERROR    | wedding_bot | Исключение при запросе к БД для Дима Гимазетдинов: Client error '422 Unprocessable Entity' for url 'http://wedding-db-service:8000/members/tg_username?username=%40C4be74'
For more information check: https://developer.mozilla.org/en-US/docs/Web/HTTP/Status/422
2026-03-12 07:09:15 | ERROR    | wedding_bot | Исключение при запросе к БД для Дима Гимазетдинов по имени: Client error '405 Method Not Allowed' for url 'http://wedding-db-service:8000/members/by-name?first_name=%D0%94%D0%B8%D0%BC%D0%B0&second_name=%D0%93%D0%B8%D0%BC%D0%B0%D0%B7%D0%B5%D1%82%D0%B4%D0%B8%D0%BD%D0%BE%D0%B2'
For more information check: https://developer.mozilla.org/en-US/docs/Web/HTTP/Status/405
2026-03-12 07:11:35 | INFO     | wedding_bot | Пользователь Дима Гимазетдинов (@C4be74, ID: 1163267317) пытается присоединиться к свадебному ивенту.
2026-03-12 07:11:35 | ERROR    | wedding_bot | Исключение при запросе к БД для Дима Гимазетдинов: Client error '422 Unprocessable Entity' for url 'http://wedding-db-service:8000/members/tg_username?username=%40C4be74'
For more information check: https://developer.mozilla.org/en-US/docs/Web/HTTP/Status/422
2026-03-12 07:11:35 | ERROR    | wedding_bot | Исключение при запросе к БД для Дима Гимазетдинов по имени: Client error '405 Method Not Allowed' for url 'http://wedding-db-service:8000/members/by-name?first_name=%D0%94%D0%B8%D0%BC%D0%B0&second_name=%D0%93%D0%B8%D0%BC%D0%B0%D0%B7%D0%B5%D1%82%D0%B4%D0%B8%D0%BD%D0%BE%D0%B2'
For more information check: https://developer.mozilla.org/en-US/docs/Web/HTTP/Status/405
2026-03-12 07:14:07 | INFO     | wedding_bot | Бот остановлен.
2026-03-12 07:14:09 | INFO     | wedding_bot | Запуск свадебного бота...
2026-03-12 07:14:09 | INFO     | wedding_bot | Веб-сервер запущен на порту 5555
2026-03-12 07:14:09 | INFO     | wedding_bot | Бот запущен. Нажмите Ctrl+C, чтобы остановить.
2026-03-12 07:14:11 | INFO     | wedding_bot | Пользователь Дима Гимазетдинов (@C4be74, ID: 1163267317) пытается присоединиться к свадебному ивенту.
2026-03-12 07:14:12 | ERROR    | wedding_bot | Исключение при запросе к БД для Дима Гимазетдинов: Client error '422 Unprocessable Entity' for url 'http://wedding-db-service:8000/members/tg_username?username=%40C4be74'
For more information check: https://developer.mozilla.org/en-US/docs/Web/HTTP/Status/422
2026-03-12 07:14:12 | ERROR    | wedding_bot | Исключение при запросе к БД для Дима Гимазетдинов по имени: Client error '405 Method Not Allowed' for url 'http://wedding-db-service:8000/members/by-name?first_name=%D0%94%D0%B8%D0%BC%D0%B0&second_name=%D0%93%D0%B8%D0%BC%D0%B0%D0%B7%D0%B5%D1%82%D0%B4%D0%B8%D0%BD%D0%BE%D0%B2'
For more information check: https://developer.mozilla.org/en-US/docs/Web/HTTP/Status/405
2026-03-12 07:17:15 | INFO     | wedding_bot | Бот остановлен.
2026-03-12 07:17:17 | INFO     | wedding_bot | Запуск свадебного бота...
2026-03-12 07:17:17 | INFO     | wedding_bot | Веб-сервер запущен на порту 5555
2026-03-12 07:17:17 | INFO     | wedding_bot | Бот запущен. Нажмите Ctrl+C, чтобы остановить.
2026-03-12 07:17:30 | INFO     | wedding_bot | Бот остановлен.
2026-03-12 07:17:31 | INFO     | wedding_bot | Запуск свадебного бота...
2026-03-12 07:17:31 | INFO     | wedding_bot | Веб-сервер запущен на порту 5555
2026-03-12 07:17:31 | INFO     | wedding_bot | Бот запущен. Нажмите Ctrl+C, чтобы остановить.
2026-03-12 07:17:36 | INFO     | wedding_bot | Пользователь Дима Гимазетдинов (@C4be74, ID: 1163267317) пытается присоединиться к свадебному ивенту.
2026-03-12 07:17:36 | ERROR    | wedding_bot | Исключение при запросе к БД для Дима Гимазетдинов: Client error '422 Unprocessable Entity' for url 'http://wedding-db-service:8000/members/tg_username?username=%40C4be74'
For more information check: https://developer.mozilla.org/en-US/docs/Web/HTTP/Status/422
2026-03-12 07:17:36 | ERROR    | wedding_bot | Исключение при запросе к БД для Дима Гимазетдинов по имени: Client error '405 Method Not Allowed' for url 'http://wedding-db-service:8000/members/by-name?first_name=%D0%94%D0%B8%D0%BC%D0%B0&second_name=%D0%93%D0%B8%D0%BC%D0%B0%D0%B7%D0%B5%D1%82%D0%B4%D0%B8%D0%BD%D0%BE%D0%B2'
For more information check: https://developer.mozilla.org/en-US/docs/Web/HTTP/Status/405
2026-03-12 07:17:41 | INFO     | wedding_bot | Пользователь Дима Гимазетдинов (@C4be74, ID: 1163267317) пытается присоединиться к свадебному ивенту.
2026-03-12 07:17:41 | ERROR    | wedding_bot | Исключение при запросе к БД для Дима Гимазетдинов: Client error '422 Unprocessable Entity' for url 'http://wedding-db-service:8000/members/tg_username?username=%40C4be74'
For more information check: https://developer.mozilla.org/en-US/docs/Web/HTTP/Status/422
2026-03-12 07:17:41 | ERROR    | wedding_bot | Исключение при запросе к БД для Дима Гимазетдинов по имени: Client error '405 Method Not Allowed' for url 'http://wedding-db-service:8000/members/by-name?first_name=%D0%94%D0%B8%D0%BC%D0%B0&second_name=%D0%93%D0%B8%D0%BC%D0%B0%D0%B7%D0%B5%D1%82%D0%B4%D0%B8%D0%BD%D0%BE%D0%B2'
For more information check: https://developer.mozilla.org/en-US/docs/Web/HTTP/Status/405
2026-03-12 07:18:17 | INFO     | wedding_bot | Бот остановлен.
2026-03-12 07:18:19 | INFO     | wedding_bot | Запуск свадебного бота...
2026-03-12 07:18:19 | INFO     | wedding_bot | Веб-сервер запущен на порту 5555
2026-03-12 07:18:19 | INFO     | wedding_bot | Бот запущен. Нажмите Ctrl+C, чтобы остановить.
2026-03-12 07:18:21 | INFO     | wedding_bot | Пользователь Дима Гимазетдинов (@C4be74, ID: 1163267317) пытается присоединиться к свадебному ивенту.
2026-03-12 07:18:21 | ERROR    | wedding_bot | Исключение при запросе к БД для Дима Гимазетдинов: Client error '422 Unprocessable Entity' for url 'http://wedding-db-service:8000/members/tg_username?username=%40C4be74'
For more information check: https://developer.mozilla.org/en-US/docs/Web/HTTP/Status/422
2026-03-12 07:18:21 | ERROR    | wedding_bot | Исключение при запросе к БД для Дима Гимазетдинов по имени: Client error '405 Method Not Allowed' for url 'http://wedding-db-service:8000/members/by-name?first_name=%D0%94%D0%B8%D0%BC%D0%B0&second_name=%D0%93%D0%B8%D0%BC%D0%B0%D0%B7%D0%B5%D1%82%D0%B4%D0%B8%D0%BD%D0%BE%D0%B2'
For more information check: https://developer.mozilla.org/en-US/docs/Web/HTTP/Status/405
2026-03-12 07:18:26 | INFO     | wedding_bot | Пользователь Дима Гимазетдинов (@C4be74, ID: 1163267317) пытается присоединиться к свадебному ивенту.
2026-03-12 07:18:26 | ERROR    | wedding_bot | Исключение при запросе к БД для Дима Гимазетдинов: Client error '422 Unprocessable Entity' for url 'http://wedding-db-service:8000/members/tg_username?username=%40C4be74'
For more information check: https://developer.mozilla.org/en-US/docs/Web/HTTP/Status/422
2026-03-12 07:18:26 | ERROR    | wedding_bot | Исключение при запросе к БД для Дима Гимазетдинов по имени: Client error '405 Method Not Allowed' for url 'http://wedding-db-service:8000/members/by-name?first_name=%D0%94%D0%B8%D0%BC%D0%B0&second_name=%D0%93%D0%B8%D0%BC%D0%B0%D0%B7%D0%B5%D1%82%D0%B4%D0%B8%D0%BD%D0%BE%D0%B2'
For more information check: https://developer.mozilla.org/en-US/docs/Web/HTTP/Status/405
2026-03-12 07:21:02 | INFO     | wedding_bot | Бот остановлен.
2026-03-12 07:21:04 | INFO     | wedding_bot | Запуск свадебного бота...
2026-03-12 07:21:04 | INFO     | wedding_bot | Веб-сервер запущен на порту 5555
2026-03-12 07:21:04 | INFO     | wedding_bot | Бот запущен. Нажмите Ctrl+C, чтобы остановить.
2026-03-12 07:21:10 | INFO     | wedding_bot | Пользователь Дима Гимазетдинов (@C4be74, ID: 1163267317) пытается присоединиться к свадебному ивенту.
2026-03-12 07:21:11 | ERROR    | wedding_bot | Исключение при запросе к БД для Дима Гимазетдинов: Client error '422 Unprocessable Entity' for url 'http://wedding-db-service:8000/members/tg_username?username=%40C4be74'
For more information check: https://developer.mozilla.org/en-US/docs/Web/HTTP/Status/422
2026-03-12 07:21:11 | ERROR    | wedding_bot | Исключение при запросе к БД для Дима Гимазетдинов по имени: Client error '405 Method Not Allowed' for url 'http://wedding-db-service:8000/members/by-name?first_name=%D0%94%D0%B8%D0%BC%D0%B0&second_name=%D0%93%D0%B8%D0%BC%D0%B0%D0%B7%D0%B5%D1%82%D0%B4%D0%B8%D0%BD%D0%BE%D0%B2'
For more information check: https://developer.mozilla.org/en-US/docs/Web/HTTP/Status/405
2026-03-12 07:21:11 | INFO     | wedding_bot | Пользователь Дима Гимазетдинов (@C4be74, ID: 1163267317) не найден. Запускаем регистрацию.
2026-03-12 07:27:11 | INFO     | wedding_bot | Пользователь Дима Гимазетдинов (@C4be74, ID: 1163267317) пытается присоединиться к свадебному ивенту.
2026-03-12 07:27:11 | ERROR    | wedding_bot | Исключение при запросе к БД для Дима Гимазетдинов: Client error '422 Unprocessable Entity' for url 'http://wedding-db-service:8000/members/tg_username?username=%40C4be74'
For more information check: https://developer.mozilla.org/en-US/docs/Web/HTTP/Status/422
2026-03-12 07:27:11 | INFO     | wedding_bot | Пользователь Дима Гимазетдинов найден в БД по полному имени. ID: 2
2026-03-12 07:27:14 | INFO     | wedding_bot | Пользователь Дима Гимазетдинов (@C4be74, ID: 1163267317) пытается присоединиться к свадебному ивенту.
2026-03-12 07:27:14 | ERROR    | wedding_bot | Исключение при запросе к БД для Дима Гимазетдинов: Client error '422 Unprocessable Entity' for url 'http://wedding-db-service:8000/members/tg_username?username=%40C4be74'
For more information check: https://developer.mozilla.org/en-US/docs/Web/HTTP/Status/422
2026-03-12 07:27:14 | INFO     | wedding_bot | Пользователь Дима Гимазетдинов найден в БД по полному имени. ID: 2
2026-03-12 07:34:12 | INFO     | wedding_bot | Бот остановлен.
2026-03-12 07:34:14 | INFO     | wedding_bot | Запуск свадебного бота...
2026-03-12 07:34:14 | INFO     | wedding_bot | Веб-сервер запущен на порту 5555
2026-03-12 07:34:14 | INFO     | wedding_bot | Бот запущен. Нажмите Ctrl+C, чтобы остановить.
2026-03-12 07:34:23 | INFO     | wedding_bot | Пользователь Дима Гимазетдинов (@C4be74, ID: 1163267317) пытается присоединиться к свадебному ивенту.
2026-03-12 07:34:23 | INFO     | wedding_bot | Пользователь Дима Гимазетдинов найден в БД по username. ID: 2
2026-03-12 07:35:23 | INFO     | wedding_bot | Бот остановлен.
2026-03-12 07:35:25 | INFO     | wedding_bot | Запуск свадебного бота...
2026-03-12 07:35:25 | INFO     | wedding_bot | Веб-сервер запущен на порту 5555
2026-03-12 07:35:25 | INFO     | wedding_bot | Бот запущен. Нажмите Ctrl+C, чтобы остановить.
2026-03-12 07:35:37 | INFO     | wedding_bot | Пользователь Дима Гимазетдинов (@C4be74, ID: 1163267317) пытается присоединиться к свадебному ивенту.
2026-03-12 07:35:37 | INFO     | wedding_bot | Пользователь Дима Гимазетдинов найден в БД по username. ID: 2
2026-03-12 07:40:55 | INFO     | wedding_bot | Пользователь Дима Гимазетдинов (@C4be74, ID: 1163267317) пытается присоединиться к свадебному ивенту.
2026-03-12 07:40:55 | ERROR    | wedding_bot | Исключение при запросе к БД для Дима Гимазетдинов: Client error '404 Not Found' for url 'http://wedding-db-service:8000/members/tg_username?tg_username=%40C4be74'
For more information check: https://developer.mozilla.org/en-US/docs/Web/HTTP/Status/404
2026-03-12 07:40:56 | INFO     | wedding_bot | Пользователь Дима Гимазетдинов найден в БД по полному имени. ID: 2
2026-03-12 07:43:06 | INFO     | wedding_bot | Пользователь Дима Гимазетдинов (@C4be74, ID: 1163267317) пытается присоединиться к свадебному ивенту.
2026-03-12 07:43:06 | ERROR    | wedding_bot | Исключение при запросе к БД для Дима Гимазетдинов: Client error '404 Not Found' for url 'http://wedding-db-service:8000/members/tg_username?tg_username=%40C4be74'
For more information check: https://developer.mozilla.org/en-US/docs/Web/HTTP/Status/404
2026-03-12 07:43:07 | ERROR    | wedding_bot | Исключение при запросе к БД для Дима Гимазетдинов по имени: Client error '404 Not Found' for url 'http://wedding-db-service:8000/members/by-name?first_name=%D0%94%D0%B8%D0%BC%D0%B0&second_name=%D0%93%D0%B8%D0%BC%D0%B0%D0%B7%D0%B5%D1%82%D0%B4%D0%B8%D0%BD%D0%BE%D0%B2'
For more information check: https://developer.mozilla.org/en-US/docs/Web/HTTP/Status/404
2026-03-12 07:43:07 | INFO     | wedding_bot | Пользователь Дима Гимазетдинов (@C4be74, ID: 1163267317) не найден. Запускаем регистрацию.
2026-03-12 07:44:18 | ERROR    | wedding_bot | Не удалось обновить telegram_id/chat_id для участника 3
Traceback (most recent call last):
  File "/app/src/routers/member_join.py", line 188, in _send_registration
    await client.patch(
  File "/app/src/utils/external_services_client.py", line 118, in patch
    return await self.request("PATCH", url, **kwargs)
           ^^^^^^^^^^^^^^^^^^^^^^^^^^^^^^^^^^^^^^^^^^
  File "/app/src/utils/external_services_client.py", line 91, in request
    resp.raise_for_status()
  File "/usr/local/lib/python3.11/site-packages/httpx/_models.py", line 829, in raise_for_status
    raise HTTPStatusError(message, request=request, response=self)
httpx.HTTPStatusError: Server error '500 Internal Server Error' for url 'http://wedding-db-service:8000/members/3/telegram-id?telegram_id=1163267317'
For more information check: https://developer.mozilla.org/en-US/docs/Web/HTTP/Status/500
2026-03-12 07:44:18 | INFO     | wedding_bot | Регистрация @C4be74 прошла успешно, статус 201
2026-03-12 08:33:26 | INFO     | wedding_bot | Бот остановлен.
2026-03-12 08:33:27 | INFO     | wedding_bot | Запуск свадебного бота...
2026-03-12 08:33:27 | INFO     | wedding_bot | Веб-сервер запущен на порту 5555
2026-03-12 08:33:27 | INFO     | wedding_bot | Бот запущен. Нажмите Ctrl+C, чтобы остановить.
2026-03-12 08:35:24 | INFO     | wedding_bot | Добавлен новый участник семьи: Алиша Гимазетдинова (id=6)
2026-03-12 08:36:03 | INFO     | wedding_bot | Добавлен новый участник семьи: Олег Тинькоф (id=7)
2026-03-12 08:42:46 | INFO     | wedding_bot | Бот остановлен.
2026-03-12 08:42:47 | INFO     | wedding_bot | Запуск свадебного бота...
2026-03-12 08:42:47 | INFO     | wedding_bot | Веб-сервер запущен на порту 5555
2026-03-12 08:42:47 | INFO     | wedding_bot | Бот запущен. Нажмите Ctrl+C, чтобы остановить.
2026-03-12 08:43:10 | INFO     | wedding_bot | Добавлен новый участник семьи: Поросенок Поросенок (id=8)
2026-03-12 08:48:59 | INFO     | wedding_bot | Бот остановлен.
2026-03-12 08:49:00 | INFO     | wedding_bot | Запуск свадебного бота...
2026-03-12 08:49:00 | INFO     | wedding_bot | Веб-сервер запущен на порту 5555
2026-03-12 08:49:00 | INFO     | wedding_bot | Бот запущен. Нажмите Ctrl+C, чтобы остановить.
2026-03-12 08:49:16 | INFO     | wedding_bot | Добавлен новый участник семьи: Насер Насерыч (id=9)
2026-03-12 08:49:27 | INFO     | wedding_bot | Статус участника 9 изменён: is_going=False
2026-03-12 08:50:36 | INFO     | wedding_bot | Статус участника 1 изменён: is_going=False
2026-03-12 08:50:39 | INFO     | wedding_bot | Статус участника 1 изменён: is_going=True
2026-03-12 08:50:53 | INFO     | wedding_bot | Добавлен новый участник семьи: Афифи Насерио (id=10)
2026-03-12 08:51:15 | INFO     | wedding_bot | Добавлен новый участник семьи: Кирилл Большой (id=11)
2026-03-12 08:51:23 | INFO     | wedding_bot | Участник 11 удалён
2026-03-12 08:52:01 | INFO     | wedding_bot | Статус участника 10 изменён: is_going=False
2026-03-12 08:52:37 | INFO     | wedding_bot | Добавлен новый участник семьи: хуй хуй (id=12)
2026-03-12 08:52:49 | INFO     | wedding_bot | Пользователь None (ID: 1949765943) запустил бота.
2026-03-12 08:52:49 | INFO     | wedding_bot | Подготовлен ответ: Привет, Афиф Антонина, вижу тебя в списках участников. 🎊
2026-03-12 08:53:32 | INFO     | wedding_bot | Пользователь Sirena229 (ID: 1949765943) запустил бота.
2026-03-12 08:53:32 | INFO     | wedding_bot | Подготовлен ответ: Привет, Афиф Антонина, вижу тебя в списках участников. 🎊
2026-03-12 08:53:59 | ERROR    | wedding_bot | Ошибка при получении конфигурации сайта
Traceback (most recent call last):
  File "/app/src/routers/member_days.py", line 16, in _get_config
    resp = await client.get("/site-config/latest")
           ^^^^^^^^^^^^^^^^^^^^^^^^^^^^^^^^^^^^^^^
  File "/app/src/utils/external_services_client.py", line 109, in get
    return await self.request("GET", url, **kwargs)
           ^^^^^^^^^^^^^^^^^^^^^^^^^^^^^^^^^^^^^^^^
  File "/app/src/utils/external_services_client.py", line 91, in request
    resp.raise_for_status()
  File "/usr/local/lib/python3.11/site-packages/httpx/_models.py", line 829, in raise_for_status
    raise HTTPStatusError(message, request=request, response=self)
httpx.HTTPStatusError: Client error '404 Not Found' for url 'http://wedding-db-service:8000/site-config/latest'
For more information check: https://developer.mozilla.org/en-US/docs/Web/HTTP/Status/404
2026-03-12 08:54:02 | ERROR    | wedding_bot | Ошибка при получении конфигурации сайта
Traceback (most recent call last):
  File "/app/src/routers/member_days.py", line 16, in _get_config
    resp = await client.get("/site-config/latest")
           ^^^^^^^^^^^^^^^^^^^^^^^^^^^^^^^^^^^^^^^
  File "/app/src/utils/external_services_client.py", line 109, in get
    return await self.request("GET", url, **kwargs)
           ^^^^^^^^^^^^^^^^^^^^^^^^^^^^^^^^^^^^^^^^
  File "/app/src/utils/external_services_client.py", line 91, in request
    resp.raise_for_status()
  File "/usr/local/lib/python3.11/site-packages/httpx/_models.py", line 829, in raise_for_status
    raise HTTPStatusError(message, request=request, response=self)
httpx.HTTPStatusError: Client error '404 Not Found' for url 'http://wedding-db-service:8000/site-config/latest'
For more information check: https://developer.mozilla.org/en-US/docs/Web/HTTP/Status/404
2026-03-12 08:54:15 | INFO     | wedding_bot | Пользователь @Sirena229 отправляет пожелание: Насера
Ограничения/аллергии: 8
2026-03-12 08:54:15 | ERROR    | wedding_bot | HTTP ошибка при отправке пожелания @Sirena229: 400
2026-03-12 08:55:07 | INFO     | wedding_bot | Пользователь @Sirena229 отправляет пожелание: Хочу музыку Абоба 52
Ограничения/аллергии: Шампунь за 500 рублей
2026-03-12 08:55:07 | ERROR    | wedding_bot | HTTP ошибка при отправке пожелания @Sirena229: 400
2026-03-12 08:55:41 | INFO     | wedding_bot | Пользователь @Sirena229 отправляет пожелание: Шампанское
Ограничения/аллергии: Шампанское
2026-03-12 08:55:41 | ERROR    | wedding_bot | HTTP ошибка при отправке пожелания @Sirena229: 400
2026-03-12 09:00:45 | INFO     | wedding_bot | Бот остановлен.
2026-03-12 09:00:46 | INFO     | wedding_bot | Запуск свадебного бота...
2026-03-12 09:00:46 | INFO     | wedding_bot | Веб-сервер запущен на порту 5555
2026-03-12 09:00:46 | INFO     | wedding_bot | Бот запущен. Нажмите Ctrl+C, чтобы остановить.
2026-03-12 09:01:41 | INFO     | wedding_bot | Пользователь Дима Гимазетдинов (@C4be74, ID: 1163267317) пытается присоединиться к свадебному ивенту.
2026-03-12 09:01:42 | ERROR    | wedding_bot | Исключение при запросе к БД для Дима Гимазетдинов: Client error '404 Not Found' for url 'http://wedding-db-service:8000/members/tg_username?tg_username=%40C4be74'
For more information check: https://developer.mozilla.org/en-US/docs/Web/HTTP/Status/404
2026-03-12 09:01:42 | INFO     | wedding_bot | Пользователь Дима Гимазетдинов найден в БД по полному имени. ID: 3
2026-03-12 09:02:13 | INFO     | wedding_bot | Пользователь @Sirena229 отправляет пожелание: 89856838798
Ограничения/аллергии: 89856838798
2026-03-12 09:02:13 | ERROR    | wedding_bot | HTTP ошибка при отправке пожелания @Sirena229: 400
2026-03-12 09:02:25 | INFO     | wedding_bot | Пользователь @Sirena229 отправляет пожелание: Шампанское
Ограничения/аллергии: Шампанское
2026-03-12 09:02:25 | ERROR    | wedding_bot | HTTP ошибка при отправке пожелания @Sirena229: 400
2026-03-12 09:07:05 | INFO     | wedding_bot | Бот остановлен.
2026-03-12 09:07:06 | INFO     | wedding_bot | Запуск свадебного бота...
2026-03-12 09:07:06 | INFO     | wedding_bot | Веб-сервер запущен на порту 5555
2026-03-12 09:07:06 | INFO     | wedding_bot | Бот запущен. Нажмите Ctrl+C, чтобы остановить.
2026-03-12 09:07:18 | INFO     | wedding_bot | Пользователь @Sirena229 отправляет пожелание: Шампанское
Ограничения/аллергии: Шампанское
2026-03-12 09:07:18 | ERROR    | wedding_bot | HTTP ошибка при отправке пожелания @Sirena229: 400
2026-03-12 09:07:43 | INFO     | wedding_bot | Пользователь @tg_1949765943 отправляет пожелание: Шампанское
Ограничения/аллергии: Шампанское
2026-03-12 09:07:43 | INFO     | wedding_bot | Пожелание от @tg_1949765943 отправлено успешно, статус 201
2026-03-12 09:08:03 | INFO     | wedding_bot | Пользователь @tg_1949765943 отправляет пожелание: 89856838798
Ограничения/аллергии: 89856838798
2026-03-12 09:08:03 | INFO     | wedding_bot | Пожелание от @tg_1949765943 отправлено успешно, статус 201
2026-03-12 09:21:20 | INFO     | wedding_bot | Бот остановлен.
2026-03-12 09:21:22 | INFO     | wedding_bot | Запуск свадебного бота...
2026-03-12 09:21:22 | INFO     | wedding_bot | Веб-сервер запущен на порту 5555
2026-03-12 09:21:22 | INFO     | wedding_bot | Бот запущен. Нажмите Ctrl+C, чтобы остановить.
2026-03-12 09:21:33 | INFO     | wedding_bot | Пользователь Дима Гимазетдинов (@C4be74, ID: 1163267317) пытается присоединиться к свадебному ивенту.
2026-03-12 09:21:33 | ERROR    | wedding_bot | Исключение при запросе к БД для Дима Гимазетдинов: Client error '404 Not Found' for url 'http://wedding-db-service:8000/members/tg_username?tg_username=%40C4be74'
For more information check: https://developer.mozilla.org/en-US/docs/Web/HTTP/Status/404
2026-03-12 09:21:33 | INFO     | wedding_bot | Пользователь Дима Гимазетдинов найден в БД по полному имени. ID: 3
2026-03-12 09:21:34 | ERROR    | wedding_bot | Не удалось обновить информацию участника 3
Traceback (most recent call last):
  File "/app/src/routers/member_join.py", line 215, in _update_member_info
    await client.patch(f"/members/{member_id}/telegram-id", params={"telegram_id": user.id})
  File "/app/src/utils/external_services_client.py", line 118, in patch
    return await self.request("PATCH", url, **kwargs)
           ^^^^^^^^^^^^^^^^^^^^^^^^^^^^^^^^^^^^^^^^^^
  File "/app/src/utils/external_services_client.py", line 91, in request
    resp.raise_for_status()
  File "/usr/local/lib/python3.11/site-packages/httpx/_models.py", line 829, in raise_for_status
    raise HTTPStatusError(message, request=request, response=self)
httpx.HTTPStatusError: Server error '500 Internal Server Error' for url 'http://wedding-db-service:8000/members/3/telegram-id?telegram_id=1163267317'
For more information check: https://developer.mozilla.org/en-US/docs/Web/HTTP/Status/500
2026-03-12 09:25:52 | INFO     | wedding_bot | Пользователь Дима Гимазетдинов (@C4be74, ID: 1163267317) пытается присоединиться к свадебному ивенту.
2026-03-12 09:25:52 | ERROR    | wedding_bot | Исключение при запросе к БД для Дима Гимазетдинов: Client error '404 Not Found' for url 'http://wedding-db-service:8000/members/tg_username?tg_username=%40C4be74'
For more information check: https://developer.mozilla.org/en-US/docs/Web/HTTP/Status/404
2026-03-12 09:25:52 | INFO     | wedding_bot | Пользователь Дима Гимазетдинов найден в БД по полному имени. ID: 3
2026-03-12 09:25:52 | ERROR    | wedding_bot | Не удалось обновить информацию участника 3
Traceback (most recent call last):
  File "/app/src/routers/member_join.py", line 218, in _update_member_info
    await client.patch(f"/members/{member_id}/tg-username", params={"tg_username": tg_username})
  File "/app/src/utils/external_services_client.py", line 118, in patch
    return await self.request("PATCH", url, **kwargs)
           ^^^^^^^^^^^^^^^^^^^^^^^^^^^^^^^^^^^^^^^^^^
  File "/app/src/utils/external_services_client.py", line 91, in request
    resp.raise_for_status()
  File "/usr/local/lib/python3.11/site-packages/httpx/_models.py", line 829, in raise_for_status
    raise HTTPStatusError(message, request=request, response=self)
httpx.HTTPStatusError: Client error '404 Not Found' for url 'http://wedding-db-service:8000/members/3/tg-username?tg_username=%40C4be74'
For more information check: https://developer.mozilla.org/en-US/docs/Web/HTTP/Status/404
2026-03-12 09:30:42 | INFO     | wedding_bot | Пользователь Дима Гимазетдинов (@C4be74, ID: 1163267317) пытается присоединиться к свадебному ивенту.
2026-03-12 09:30:42 | ERROR    | wedding_bot | Исключение при запросе к БД для Дима Гимазетдинов: Client error '404 Not Found' for url 'http://wedding-db-service:8000/members/tg_username?tg_username=%40C4be74'
For more information check: https://developer.mozilla.org/en-US/docs/Web/HTTP/Status/404
2026-03-12 09:30:42 | INFO     | wedding_bot | Пользователь Дима Гимазетдинов найден в БД по полному имени. ID: 3
2026-03-12 09:30:42 | INFO     | wedding_bot | Обновлена информация участника 3: telegram_id=1163267317, chat_id=1163267317
2026-03-12 09:31:34 | INFO     | wedding_bot | Пользователь @Sirena229 отправляет пожелание: Шампанское
Ограничения/аллергии: Шампанское
2026-03-12 09:31:34 | ERROR    | wedding_bot | HTTP ошибка при отправке пожелания @Sirena229: 400
2026-03-12 09:31:44 | INFO     | wedding_bot | Пользователь Кирилл None (@Sirena229, ID: 1949765943) пытается присоединиться к свадебному ивенту.
2026-03-12 09:31:44 | ERROR    | wedding_bot | Исключение при запросе к БД для Кирилл None: Client error '404 Not Found' for url 'http://wedding-db-service:8000/members/tg_username?tg_username=%40Sirena229'
For more information check: https://developer.mozilla.org/en-US/docs/Web/HTTP/Status/404
2026-03-12 09:31:44 | ERROR    | wedding_bot | Исключение при запросе к БД для Кирилл None по имени: Client error '404 Not Found' for url 'http://wedding-db-service:8000/members/by-name?first_name=%D0%9A%D0%B8%D1%80%D0%B8%D0%BB%D0%BB&second_name='
For more information check: https://developer.mozilla.org/en-US/docs/Web/HTTP/Status/404
2026-03-12 09:31:45 | INFO     | wedding_bot | Пользователь Кирилл None (@Sirena229, ID: 1949765943) не найден. Запускаем регистрацию.
2026-03-12 09:32:05 | ERROR    | wedding_bot | Не удалось обновить telegram_id/chat_id для участника 13
Traceback (most recent call last):
  File "/app/src/routers/member_join.py", line 188, in _send_registration
    await client.patch(
  File "/app/src/utils/external_services_client.py", line 118, in patch
    return await self.request("PATCH", url, **kwargs)
           ^^^^^^^^^^^^^^^^^^^^^^^^^^^^^^^^^^^^^^^^^^
  File "/app/src/utils/external_services_client.py", line 91, in request
    resp.raise_for_status()
  File "/usr/local/lib/python3.11/site-packages/httpx/_models.py", line 829, in raise_for_status
    raise HTTPStatusError(message, request=request, response=self)
httpx.HTTPStatusError: Server error '500 Internal Server Error' for url 'http://wedding-db-service:8000/members/13/telegram-id?telegram_id=1949765943'
For more information check: https://developer.mozilla.org/en-US/docs/Web/HTTP/Status/500
2026-03-12 09:32:05 | INFO     | wedding_bot | Регистрация @Sirena229 прошла успешно, статус 201
2026-03-12 09:32:13 | INFO     | wedding_bot | Пользователь @Sirena229 отправляет пожелание: Шампанское
Ограничения/аллергии: Шампанское
2026-03-12 09:32:13 | INFO     | wedding_bot | Пожелание от @Sirena229 отправлено успешно, статус 201
2026-03-12 09:33:54 | INFO     | wedding_bot | Пользователь @Sirena230 отправляет пожелание: Шампанское
Ограничения/аллергии: Шампанское
2026-03-12 09:33:54 | ERROR    | wedding_bot | HTTP ошибка при отправке пожелания @Sirena230: 400
