2026-03-02 09:45:23 | ERROR    | wedding_bot | Ошибка при обращении к DB_SERVICE_URL
Traceback (most recent call last):
  File "/app/src/routers/member.py", line 36, in cmd_start
    resp = await client.get("/members/tg_username", params={"tg_username": username})
           ^^^^^^^^^^^^^^^^^^^^^^^^^^^^^^^^^^^^^^^^^^^^^^^^^^^^^^^^^^^^^^^^^^^^^^^^^^
  File "/app/src/utils/external_services_client.py", line 103, in get
    return await self.request("GET", url, **kwargs)
           ^^^^^^^^^^^^^^^^^^^^^^^^^^^^^^^^^^^^^^^^
  File "/app/src/utils/external_services_client.py", line 85, in request
    resp.raise_for_status()
  File "/usr/local/lib/python3.11/site-packages/httpx/_models.py", line 829, in raise_for_status
    raise HTTPStatusError(message, request=request, response=self)
httpx.HTTPStatusError: Server error '500 Internal Server Error' for url 'http://wedding-db-service:8000/members/tg_username?tg_username=%40C4be74'
For more information check: https://developer.mozilla.org/en-US/docs/Web/HTTP/Status/500
2026-03-02 11:32:47 | ERROR    | wedding_bot | HTTP ошибка при регистрации @Sirena229: 422
2026-03-02 11:56:17 | ERROR    | wedding_bot | HTTP ошибка при регистрации @C4be74: 307
2026-03-02 11:59:41 | ERROR    | wedding_bot | HTTP ошибка при регистрации @C4be74: 307
2026-03-02 12:07:58 | ERROR    | wedding_bot | HTTP ошибка при регистрации @C4be74: 422
2026-03-02 12:23:23 | ERROR    | wedding_bot | HTTP ошибка при регистрации @C4be74: 500
2026-03-02 12:39:11 | ERROR    | wedding_bot | HTTP ошибка при регистрации @Sirena230: 500
2026-03-02 12:43:36 | ERROR    | wedding_bot | HTTP ошибка при регистрации @Sirena229: 500
2026-03-02 14:04:36 | ERROR    | wedding_bot | HTTP ошибка (GET /members/stats/count) = 500
2026-03-07 07:13:34 | ERROR    | wedding_bot | Ошибка при обращении к DB_SERVICE_URL
Traceback (most recent call last):
  File "/app/src/routers/member_start.py", line 26, in cmd_start
    resp = await client.get(f"/members/by-telegram-id/{user_id}")
           ^^^^^^^^^^^^^^^^^^^^^^^^^^^^^^^^^^^^^^^^^^^^^^^^^^^^^^
  File "/app/src/utils/external_services_client.py", line 109, in get
    return await self.request("GET", url, **kwargs)
           ^^^^^^^^^^^^^^^^^^^^^^^^^^^^^^^^^^^^^^^^
  File "/app/src/utils/external_services_client.py", line 91, in request
    resp.raise_for_status()
  File "/usr/local/lib/python3.11/site-packages/httpx/_models.py", line 829, in raise_for_status
    raise HTTPStatusError(message, request=request, response=self)
httpx.HTTPStatusError: Server error '500 Internal Server Error' for url 'http://wedding-db-service:8000/members/by-telegram-id/1163267317'
For more information check: https://developer.mozilla.org/en-US/docs/Web/HTTP/Status/500
2026-03-10 17:18:15 | ERROR    | wedding_bot | Ошибка сетевого взаимодействия с сервисом пользователей
Traceback (most recent call last):
  File "/usr/local/lib/python3.11/site-packages/httpx/_transports/default.py", line 101, in map_httpcore_exceptions
    yield
  File "/usr/local/lib/python3.11/site-packages/httpx/_transports/default.py", line 394, in handle_async_request
    resp = await self._pool.handle_async_request(req)
           ^^^^^^^^^^^^^^^^^^^^^^^^^^^^^^^^^^^^^^^^^^
  File "/usr/local/lib/python3.11/site-packages/httpcore/_async/connection_pool.py", line 256, in handle_async_request
    raise exc from None
  File "/usr/local/lib/python3.11/site-packages/httpcore/_async/connection_pool.py", line 236, in handle_async_request
    response = await connection.handle_async_request(
               ^^^^^^^^^^^^^^^^^^^^^^^^^^^^^^^^^^^^^^
  File "/usr/local/lib/python3.11/site-packages/httpcore/_async/connection.py", line 101, in handle_async_request
    raise exc
  File "/usr/local/lib/python3.11/site-packages/httpcore/_async/connection.py", line 78, in handle_async_request
    stream = await self._connect(request)
             ^^^^^^^^^^^^^^^^^^^^^^^^^^^^
  File "/usr/local/lib/python3.11/site-packages/httpcore/_async/connection.py", line 124, in _connect
    stream = await self._network_backend.connect_tcp(**kwargs)
             ^^^^^^^^^^^^^^^^^^^^^^^^^^^^^^^^^^^^^^^^^^^^^^^^^
  File "/usr/local/lib/python3.11/site-packages/httpcore/_backends/auto.py", line 31, in connect_tcp
    return await self._backend.connect_tcp(
           ^^^^^^^^^^^^^^^^^^^^^^^^^^^^^^^^
  File "/usr/local/lib/python3.11/site-packages/httpcore/_backends/anyio.py", line 113, in connect_tcp
    with map_exceptions(exc_map):
  File "/usr/local/lib/python3.11/contextlib.py", line 158, in __exit__
    self.gen.throw(typ, value, traceback)
  File "/usr/local/lib/python3.11/site-packages/httpcore/_exceptions.py", line 14, in map_exceptions
    raise to_exc(exc) from exc
httpcore.ConnectError: [Errno -2] Name or service not known

The above exception was the direct cause of the following exception:

Traceback (most recent call last):
  File "/app/src/routers/member_start.py", line 26, in cmd_start
    resp = await client.get(f"/members/by-telegram-id/{user_id}")
           ^^^^^^^^^^^^^^^^^^^^^^^^^^^^^^^^^^^^^^^^^^^^^^^^^^^^^^
  File "/app/src/utils/external_services_client.py", line 109, in get
    return await self.request("GET", url, **kwargs)
           ^^^^^^^^^^^^^^^^^^^^^^^^^^^^^^^^^^^^^^^^
  File "/app/src/utils/external_services_client.py", line 105, in request
    raise last_exc or RuntimeError("Unknown httpx error")
  File "/app/src/utils/external_services_client.py", line 81, in request
    resp = await self._client.request(
           ^^^^^^^^^^^^^^^^^^^^^^^^^^^
  File "/usr/local/lib/python3.11/site-packages/httpx/_client.py", line 1540, in request
    return await self.send(request, auth=auth, follow_redirects=follow_redirects)
           ^^^^^^^^^^^^^^^^^^^^^^^^^^^^^^^^^^^^^^^^^^^^^^^^^^^^^^^^^^^^^^^^^^^^^^
  File "/usr/local/lib/python3.11/site-packages/httpx/_client.py", line 1629, in send
    response = await self._send_handling_auth(
               ^^^^^^^^^^^^^^^^^^^^^^^^^^^^^^^
  File "/usr/local/lib/python3.11/site-packages/httpx/_client.py", line 1657, in _send_handling_auth
    response = await self._send_handling_redirects(
               ^^^^^^^^^^^^^^^^^^^^^^^^^^^^^^^^^^^^
  File "/usr/local/lib/python3.11/site-packages/httpx/_client.py", line 1694, in _send_handling_redirects
    response = await self._send_single_request(request)
               ^^^^^^^^^^^^^^^^^^^^^^^^^^^^^^^^^^^^^^^^
  File "/usr/local/lib/python3.11/site-packages/httpx/_client.py", line 1730, in _send_single_request
    response = await transport.handle_async_request(request)
               ^^^^^^^^^^^^^^^^^^^^^^^^^^^^^^^^^^^^^^^^^^^^^
  File "/usr/local/lib/python3.11/site-packages/httpx/_transports/default.py", line 393, in handle_async_request
    with map_httpcore_exceptions():
  File "/usr/local/lib/python3.11/contextlib.py", line 158, in __exit__
    self.gen.throw(typ, value, traceback)
  File "/usr/local/lib/python3.11/site-packages/httpx/_transports/default.py", line 118, in map_httpcore_exceptions
    raise mapped_exc(message) from exc
httpx.ConnectError: [Errno -2] Name or service not known
2026-03-10 17:31:09 | ERROR    | wedding_bot | HTTP ошибка при отправке пожелания @C4be74: 400
2026-03-10 17:35:14 | ERROR    | wedding_bot | HTTP ошибка при отправке пожелания @C4be74: 400
2026-03-10 17:41:43 | ERROR    | wedding_bot | HTTP ошибка при отправке пожелания @C4be74: 400
2026-03-10 17:41:43 | ERROR    | wedding_bot | HTTP ошибка при регистрации @: 422
2026-03-10 17:45:52 | ERROR    | wedding_bot | HTTP ошибка при отправке пожелания @C4be74: 400
2026-03-10 18:12:52 | ERROR    | wedding_bot | HTTP ошибка при регистрации @: 422
2026-03-10 18:16:14 | ERROR    | wedding_bot | Ошибка при обращении к DB_SERVICE_URL
Traceback (most recent call last):
  File "/app/src/routers/member_start.py", line 26, in cmd_start
    resp = await client.get(f"/members/by-telegram-id/{user_id}")
           ^^^^^^^^^^^^^^^^^^^^^^^^^^^^^^^^^^^^^^^^^^^^^^^^^^^^^^
  File "/app/src/utils/external_services_client.py", line 109, in get
    return await self.request("GET", url, **kwargs)
           ^^^^^^^^^^^^^^^^^^^^^^^^^^^^^^^^^^^^^^^^
  File "/app/src/utils/external_services_client.py", line 91, in request
    resp.raise_for_status()
  File "/usr/local/lib/python3.11/site-packages/httpx/_models.py", line 829, in raise_for_status
    raise HTTPStatusError(message, request=request, response=self)
httpx.HTTPStatusError: Server error '500 Internal Server Error' for url 'http://wedding-db-service:8000/members/by-telegram-id/7686716458'
For more information check: https://developer.mozilla.org/en-US/docs/Web/HTTP/Status/500
2026-03-10 18:17:28 | ERROR    | wedding_bot | HTTP ошибка при регистрации @: 422
2026-03-10 18:29:33 | ERROR    | wedding_bot | HTTP ошибка при регистрации tg_7686716458: 422
